2026-02-11 19:06:06.464 fallout1-rebirth[27354:79714693] svga_init: starting with 2732x2048 (scale=1)
2026-02-11 19:06:06.651 fallout1-rebirth[27354:79714693] svga_init: SDL video subsystem initialized
2026-02-11 19:06:06.651 fallout1-rebirth[27354:79714693] svga_init: video driver=cocoa
2026-02-11 19:06:06.651 fallout1-rebirth[27354:79714693] svga_init: creating window 2732x2048 flags=0x2001
2026-02-11 19:06:06.715 fallout1-rebirth[27354:79714693] svga_init: window created - size=1463x892, pixels=2926x1784
2026-02-11 19:06:06.715 fallout1-rebirth[27354:79714693] svga_init: safe area: x=0 y=0 w=1463 h=892
2026-02-11 19:06:06.715 fallout1-rebirth[27354:79714693] createRenderer: creating renderer for 2732x2048
2026-02-11 19:06:06.722 fallout1-rebirth[27354:79714693] createRenderer: renderer created
2026-02-11 19:06:06.725 fallout1-rebirth[27354:79714693] Display refresh rate: 60.00 Hz
2026-02-11 19:06:06.725 fallout1-rebirth[27354:79714693] Display resolution: 1463x892
2026-02-11 19:06:06.725 fallout1-rebirth[27354:79714693] createRenderer: logical presentation set to 2732x2048
2026-02-11 19:06:06.725 fallout1-rebirth[27354:79714693] createRenderer: texture created
2026-02-11 19:06:06.727 fallout1-rebirth[27354:79714693] createRenderer: texture surface created - initialization complete
2026-02-11 19:06:06.727 fallout1-rebirth[27354:79714693] svga_init: renderer created successfully
2026-02-11 19:06:06.737 fallout1-rebirth[27354:79714693] mouse_init: click offsets loaded from config: touch=(0,0) mouse=(0,0)
2026-02-11 19:06:06.737 fallout1-rebirth[27354:79714693] mouse_set_shape: size=8x8 hotspot=(1,1) mouse_pos=(-1,-1) click_pos=(0,0)
2026-02-11 19:06:09.592 fallout1-rebirth[27354:79714693] MOUSE_POS: raw=(1365,1023) hot=(1,1) result=(1366,1024)
2026-02-11 19:06:09.593 fallout1-rebirth[27354:79714693] mouse_set_shape: size=18x18 hotspot=(0,0) mouse_pos=(1366,1024) click_pos=(1366,1024)
2026-02-11 19:06:10.384 fallout1-rebirth[27354:79714693] mouse_set_shape: size=1x1 hotspot=(0,0) mouse_pos=(1366,1024) click_pos=(1366,1024)
2026-02-11 19:06:10.385 fallout1-rebirth[27354:79714693] MOUSE_SHOW: render at raw=(1366,1024) size=(1,1) hot=(0,0)
2026-02-11 19:06:10.462 fallout1-rebirth[27354:79714693] createRenderer: creating renderer for 2732x2048
2026-02-11 19:06:10.464 fallout1-rebirth[27354:79714693] createRenderer: renderer created
2026-02-11 19:06:10.464 fallout1-rebirth[27354:79714693] Display refresh rate: 60.00 Hz
2026-02-11 19:06:10.464 fallout1-rebirth[27354:79714693] Display resolution: 1463x892
2026-02-11 19:06:10.464 fallout1-rebirth[27354:79714693] createRenderer: logical presentation set to 2732x2048
2026-02-11 19:06:10.466 fallout1-rebirth[27354:79714693] createRenderer: texture created
2026-02-11 19:06:10.467 fallout1-rebirth[27354:79714693] createRenderer: texture surface created - initialization complete
2026-02-11 19:06:10.584 fallout1-rebirth[27354:79714693] MOUSE_SIMULATE: delta=(0,0) buttons=0x0 have=1 hidden=1
2026-02-11 19:06:10.641 fallout1-rebirth[27354:79714693] MOUSE_SIMULATE: delta=(0,0) buttons=0x0 have=1 hidden=1
2026-02-11 19:06:10.697 fallout1-rebirth[27354:79714693] MOUSE_SIMULATE: delta=(0,0) buttons=0x0 have=1 hidden=1
2026-02-11 19:06:10.764 fallout1-rebirth[27354:79714693] MOUSE_SIMULATE: delta=(0,0) buttons=0x0 have=1 hidden=1
2026-02-11 19:06:10.831 fallout1-rebirth[27354:79714693] MOUSE_SIMULATE: delta=(0,0) buttons=0x0 have=1 hidden=1
2026-02-11 19:06:10.898 fallout1-rebirth[27354:79714693] MOUSE_SIMULATE: delta=(0,0) buttons=0x0 have=1 hidden=1
2026-02-11 19:06:10.964 fallout1-rebirth[27354:79714693] MOUSE_SIMULATE: delta=(0,0) buttons=0x0 have=1 hidden=1
2026-02-11 19:06:11.079 fallout1-rebirth[27354:79714693] MOUSE_SIMULATE: delta=(0,0) buttons=0x0 have=1 hidden=1
2026-02-11 19:06:11.099 fallout1-rebirth[27354:79714693] MOUSE_SIMULATE: delta=(0,0) buttons=0x0 have=1 hidden=1
2026-02-11 19:06:11.165 fallout1-rebirth[27354:79714693] MOUSE_SIMULATE: delta=(0,0) buttons=0x0 have=1 hidden=1
2026-02-11 19:06:11.673 fallout1-rebirth[27354:79714693] MOUSE_SIMULATE: delta=(0,0) buttons=0x0 have=1 hidden=1
2026-02-11 19:06:11.679 fallout1-rebirth[27354:79714693] MOUSE_SIMULATE: delta=(0,0) buttons=0x0 have=1 hidden=1
2026-02-11 19:06:11.679 fallout1-rebirth[27354:79714693] MOUSE_SIMULATE: delta=(0,0) buttons=0x0 have=1 hidden=1
2026-02-11 19:06:11.685 fallout1-rebirth[27354:79714693] MOUSE_SIMULATE: delta=(0,0) buttons=0x0 have=1 hidden=1
2026-02-11 19:06:11.685 fallout1-rebirth[27354:79714693] MOUSE_SIMULATE: delta=(0,0) buttons=0x0 have=1 hidden=1
2026-02-11 19:06:11.692 fallout1-rebirth[27354:79714693] MOUSE_SIMULATE: delta=(0,0) buttons=0x0 have=1 hidden=1
2026-02-11 19:06:11.692 fallout1-rebirth[27354:79714693] MOUSE_SIMULATE: delta=(0,0) buttons=0x0 have=1 hidden=1
2026-02-11 19:06:11.705 fallout1-rebirth[27354:79714693] MOUSE_SIMULATE: delta=(0,0) buttons=0x0 have=1 hidden=1
2026-02-11 19:06:11.766 fallout1-rebirth[27354:79714693] MOUSE_SIMULATE: delta=(0,0) buttons=0x0 have=1 hidden=1
2026-02-11 19:06:11.832 fallout1-rebirth[27354:79714693] MOUSE_SIMULATE: delta=(0,0) buttons=0x0 have=1 hidden=1
2026-02-11 19:06:11.899 fallout1-rebirth[27354:79714693] MOUSE_SIMULATE: delta=(0,0) buttons=0x0 have=1 hidden=1
2026-02-11 19:06:11.965 fallout1-rebirth[27354:79714693] MOUSE_SIMULATE: delta=(0,0) buttons=0x0 have=1 hidden=1
2026-02-11 19:06:12.032 fallout1-rebirth[27354:79714693] MOUSE_SIMULATE: delta=(0,0) buttons=0x0 have=1 hidden=1
2026-02-11 19:06:12.099 fallout1-rebirth[27354:79714693] MOUSE_SIMULATE: delta=(0,0) buttons=0x0 have=1 hidden=1
2026-02-11 19:06:12.165 fallout1-rebirth[27354:79714693] MOUSE_SIMULATE: delta=(0,0) buttons=0x0 have=1 hidden=1
2026-02-11 19:06:12.232 fallout1-rebirth[27354:79714693] MOUSE_SIMULATE: delta=(0,0) buttons=0x0 have=1 hidden=1
2026-02-11 19:06:12.299 fallout1-rebirth[27354:79714693] MOUSE_SIMULATE: delta=(0,0) buttons=0x0 have=1 hidden=1
2026-02-11 19:06:12.366 fallout1-rebirth[27354:79714693] MOUSE_SIMULATE: delta=(0,0) buttons=0x0 have=1 hidden=1
2026-02-11 19:06:12.432 fallout1-rebirth[27354:79714693] MOUSE_SIMULATE: delta=(0,0) buttons=0x0 have=1 hidden=1
2026-02-11 19:06:12.498 fallout1-rebirth[27354:79714693] MOUSE_SIMULATE: delta=(0,0) buttons=0x0 have=1 hidden=1
2026-02-11 19:06:12.565 fallout1-rebirth[27354:79714693] MOUSE_SIMULATE: delta=(0,0) buttons=0x0 have=1 hidden=1
2026-02-11 19:06:12.633 fallout1-rebirth[27354:79714693] MOUSE_SIMULATE: delta=(0,0) buttons=0x0 have=1 hidden=1
2026-02-11 19:06:12.699 fallout1-rebirth[27354:79714693] MOUSE_SIMULATE: delta=(0,0) buttons=0x0 have=1 hidden=1
2026-02-11 19:06:12.766 fallout1-rebirth[27354:79714693] MOUSE_SIMULATE: delta=(0,0) buttons=0x0 have=1 hidden=1
2026-02-11 19:06:12.832 fallout1-rebirth[27354:79714693] MOUSE_SIMULATE: delta=(0,0) buttons=0x0 have=1 hidden=1
2026-02-11 19:06:12.899 fallout1-rebirth[27354:79714693] MOUSE_SIMULATE: delta=(0,0) buttons=0x0 have=1 hidden=1
2026-02-11 19:06:12.965 fallout1-rebirth[27354:79714693] MOUSE_SIMULATE: delta=(0,0) buttons=0x0 have=1 hidden=1
2026-02-11 19:06:13.032 fallout1-rebirth[27354:79714693] MOUSE_SIMULATE: delta=(0,0) buttons=0x0 have=1 hidden=1
2026-02-11 19:06:13.100 fallout1-rebirth[27354:79714693] MOUSE_SIMULATE: delta=(0,0) buttons=0x0 have=1 hidden=1
2026-02-11 19:06:13.166 fallout1-rebirth[27354:79714693] MOUSE_SIMULATE: delta=(0,0) buttons=0x0 have=1 hidden=1
2026-02-11 19:06:13.232 fallout1-rebirth[27354:79714693] MOUSE_SIMULATE: delta=(0,0) buttons=0x0 have=1 hidden=1
2026-02-11 19:06:13.299 fallout1-rebirth[27354:79714693] MOUSE_SIMULATE: delta=(0,0) buttons=0x0 have=1 hidden=1
2026-02-11 19:06:13.366 fallout1-rebirth[27354:79714693] MOUSE_SIMULATE: delta=(0,0) buttons=0x0 have=1 hidden=1
2026-02-11 19:06:13.433 fallout1-rebirth[27354:79714693] MOUSE_SIMULATE: delta=(0,0) buttons=0x0 have=1 hidden=1
2026-02-11 19:06:13.499 fallout1-rebirth[27354:79714693] MOUSE_SIMULATE: delta=(0,0) buttons=0x0 have=1 hidden=1
2026-02-11 19:06:13.566 fallout1-rebirth[27354:79714693] MOUSE_SIMULATE: delta=(0,0) buttons=0x0 have=1 hidden=1
2026-02-11 19:06:13.633 fallout1-rebirth[27354:79714693] MOUSE_SIMULATE: delta=(0,0) buttons=0x0 have=1 hidden=1
2026-02-11 19:06:13.699 fallout1-rebirth[27354:79714693] MOUSE_SIMULATE: delta=(0,0) buttons=0x0 have=1 hidden=1
2026-02-11 19:06:13.766 fallout1-rebirth[27354:79714693] MOUSE_SIMULATE: delta=(0,0) buttons=0x0 have=1 hidden=1
2026-02-11 19:06:13.833 fallout1-rebirth[27354:79714693] MOUSE_SIMULATE: delta=(0,0) buttons=0x0 have=1 hidden=1
2026-02-11 19:06:13.900 fallout1-rebirth[27354:79714693] MOUSE_SIMULATE: delta=(0,0) buttons=0x0 have=1 hidden=1
2026-02-11 19:06:13.966 fallout1-rebirth[27354:79714693] MOUSE_SIMULATE: delta=(0,0) buttons=0x0 have=1 hidden=1
2026-02-11 19:06:14.033 fallout1-rebirth[27354:79714693] MOUSE_SIMULATE: delta=(0,0) buttons=0x0 have=1 hidden=1
2026-02-11 19:06:14.100 fallout1-rebirth[27354:79714693] MOUSE_SIMULATE: delta=(0,0) buttons=0x0 have=1 hidden=1
2026-02-11 19:06:14.167 fallout1-rebirth[27354:79714693] MOUSE_SIMULATE: delta=(0,0) buttons=0x0 have=1 hidden=1
2026-02-11 19:06:14.233 fallout1-rebirth[27354:79714693] MOUSE_SIMULATE: delta=(0,0) buttons=0x0 have=1 hidden=1
2026-02-11 19:06:14.300 fallout1-rebirth[27354:79714693] MOUSE_SIMULATE: delta=(0,0) buttons=0x0 have=1 hidden=1
2026-02-11 19:06:14.367 fallout1-rebirth[27354:79714693] MOUSE_SIMULATE: delta=(0,0) buttons=0x0 have=1 hidden=1
2026-02-11 19:06:14.433 fallout1-rebirth[27354:79714693] MOUSE_SIMULATE: delta=(0,0) buttons=0x0 have=1 hidden=1
2026-02-11 19:06:14.500 fallout1-rebirth[27354:79714693] MOUSE_POS: raw=(1366,1024) hot=(0,0) result=(1366,1024)
2026-02-11 19:06:14.500 fallout1-rebirth[27354:79714693] MOUSE_SIMULATE: delta=(0,0) buttons=0x0 have=1 hidden=1
2026-02-11 19:06:14.567 fallout1-rebirth[27354:79714693] MOUSE_SIMULATE: delta=(0,0) buttons=0x0 have=1 hidden=1
2026-02-11 19:06:14.634 fallout1-rebirth[27354:79714693] MOUSE_SIMULATE: delta=(0,0) buttons=0x0 have=1 hidden=1
2026-02-11 19:06:14.700 fallout1-rebirth[27354:79714693] MOUSE_SIMULATE: delta=(0,0) buttons=0x0 have=1 hidden=1
2026-02-11 19:06:14.767 fallout1-rebirth[27354:79714693] MOUSE_SIMULATE: delta=(0,0) buttons=0x0 have=1 hidden=1
2026-02-11 19:06:14.834 fallout1-rebirth[27354:79714693] MOUSE_SIMULATE: delta=(0,0) buttons=0x0 have=1 hidden=1
2026-02-11 19:06:14.900 fallout1-rebirth[27354:79714693] MOUSE_SIMULATE: delta=(0,0) buttons=0x0 have=1 hidden=1
2026-02-11 19:06:14.968 fallout1-rebirth[27354:79714693] MOUSE_SIMULATE: delta=(0,0) buttons=0x0 have=1 hidden=1
2026-02-11 19:06:15.034 fallout1-rebirth[27354:79714693] MOUSE_SIMULATE: delta=(-39,-213) buttons=0x0 have=1 hidden=1
2026-02-11 19:06:15.035 fallout1-rebirth[27354:79714693] INPUT: MOUSE_MOTION x=0.0 y=0.0 rel=(-39.0,-213.0)
2026-02-11 19:06:15.102 fallout1-rebirth[27354:79714693] MOUSE_SIMULATE: delta=(-124,-34) buttons=0x0 have=1 hidden=1
2026-02-11 19:06:15.102 fallout1-rebirth[27354:79714693] INPUT: MOUSE_MOTION x=0.0 y=0.0 rel=(-124.0,-34.0)
2026-02-11 19:06:15.168 fallout1-rebirth[27354:79714693] MOUSE_SIMULATE: delta=(-552,-118) buttons=0x0 have=1 hidden=1
2026-02-11 19:06:15.168 fallout1-rebirth[27354:79714693] INPUT: MOUSE_MOTION x=0.0 y=0.0 rel=(-552.0,-118.0)
2026-02-11 19:06:15.234 fallout1-rebirth[27354:79714693] MOUSE_SIMULATE: delta=(-71,-11) buttons=0x0 have=1 hidden=1
2026-02-11 19:06:15.234 fallout1-rebirth[27354:79714693] INPUT: MOUSE_MOTION x=0.0 y=0.0 rel=(-71.0,-11.0)
2026-02-11 19:06:15.301 fallout1-rebirth[27354:79714693] MOUSE_SIMULATE: delta=(0,0) buttons=0x0 have=1 hidden=1
2026-02-11 19:06:15.368 fallout1-rebirth[27354:79714693] MOUSE_SIMULATE: delta=(0,0) buttons=0x0 have=1 hidden=1
2026-02-11 19:06:15.434 fallout1-rebirth[27354:79714693] MOUSE_SIMULATE: delta=(0,0) buttons=0x0 have=1 hidden=1
2026-02-11 19:06:15.501 fallout1-rebirth[27354:79714693] MOUSE_SIMULATE: delta=(0,0) buttons=0x0 have=1 hidden=1
2026-02-11 19:06:15.568 fallout1-rebirth[27354:79714693] MOUSE_SIMULATE: delta=(0,0) buttons=0x0 have=1 hidden=1
2026-02-11 19:06:15.636 fallout1-rebirth[27354:79714693] MOUSE_SIMULATE: delta=(0,0) buttons=0x0 have=1 hidden=1
2026-02-11 19:06:15.702 fallout1-rebirth[27354:79714693] MOUSE_SIMULATE: delta=(0,0) buttons=0x0 have=1 hidden=1
2026-02-11 19:06:15.768 fallout1-rebirth[27354:79714693] MOUSE_SIMULATE: delta=(0,0) buttons=0x0 have=1 hidden=1
2026-02-11 19:06:15.836 fallout1-rebirth[27354:79714693] MOUSE_SIMULATE: delta=(0,0) buttons=0x0 have=1 hidden=1
2026-02-11 19:06:15.901 fallout1-rebirth[27354:79714693] MOUSE_SIMULATE: delta=(0,0) buttons=0x0 have=1 hidden=1
2026-02-11 19:06:15.968 fallout1-rebirth[27354:79714693] MOUSE_SIMULATE: delta=(0,0) buttons=0x0 have=1 hidden=1
2026-02-11 19:06:16.035 fallout1-rebirth[27354:79714693] MOUSE_SIMULATE: delta=(0,0) buttons=0x0 have=1 hidden=1
2026-02-11 19:06:16.103 fallout1-rebirth[27354:79714693] MOUSE_SIMULATE: delta=(0,0) buttons=0x0 have=1 hidden=1
2026-02-11 19:06:16.168 fallout1-rebirth[27354:79714693] MOUSE_SIMULATE: delta=(0,0) buttons=0x0 have=1 hidden=1
2026-02-11 19:06:16.235 fallout1-rebirth[27354:79714693] MOUSE_SIMULATE: delta=(0,0) buttons=0x0 have=1 hidden=1
2026-02-11 19:06:16.302 fallout1-rebirth[27354:79714693] MOUSE_SIMULATE: delta=(0,0) buttons=0x0 have=1 hidden=1
2026-02-11 19:06:16.369 fallout1-rebirth[27354:79714693] MOUSE_SIMULATE: delta=(0,0) buttons=0x0 have=1 hidden=1
2026-02-11 19:06:16.435 fallout1-rebirth[27354:79714693] MOUSE_SIMULATE: delta=(0,0) buttons=0x0 have=1 hidden=1
2026-02-11 19:06:16.502 fallout1-rebirth[27354:79714693] MOUSE_SIMULATE: delta=(0,0) buttons=0x0 have=1 hidden=1
2026-02-11 19:06:16.570 fallout1-rebirth[27354:79714693] MOUSE_SIMULATE: delta=(0,0) buttons=0x0 have=1 hidden=1
2026-02-11 19:06:16.636 fallout1-rebirth[27354:79714693] MOUSE_SIMULATE: delta=(0,0) buttons=0x0 have=1 hidden=1
2026-02-11 19:06:16.702 fallout1-rebirth[27354:79714693] MOUSE_SIMULATE: delta=(0,0) buttons=0x0 have=1 hidden=1
2026-02-11 19:06:16.769 fallout1-rebirth[27354:79714693] MOUSE_SIMULATE: delta=(0,0) buttons=0x0 have=1 hidden=1
2026-02-11 19:06:16.836 fallout1-rebirth[27354:79714693] MOUSE_SIMULATE: delta=(0,0) buttons=0x0 have=1 hidden=1
2026-02-11 19:06:16.903 fallout1-rebirth[27354:79714693] MOUSE_SIMULATE: delta=(0,0) buttons=0x0 have=1 hidden=1
2026-02-11 19:06:16.969 fallout1-rebirth[27354:79714693] MOUSE_SIMULATE: delta=(0,0) buttons=0x0 have=1 hidden=1
2026-02-11 19:06:17.036 fallout1-rebirth[27354:79714693] MOUSE_SIMULATE: delta=(0,0) buttons=0x0 have=1 hidden=1
2026-02-11 19:06:17.103 fallout1-rebirth[27354:79714693] MOUSE_SIMULATE: delta=(0,0) buttons=0x0 have=1 hidden=1
2026-02-11 19:06:17.170 fallout1-rebirth[27354:79714693] MOUSE_SIMULATE: delta=(0,0) buttons=0x0 have=1 hidden=1
2026-02-11 19:06:17.236 fallout1-rebirth[27354:79714693] MOUSE_SIMULATE: delta=(0,0) buttons=0x0 have=1 hidden=1
2026-02-11 19:06:17.304 fallout1-rebirth[27354:79714693] MOUSE_SIMULATE: delta=(0,0) buttons=0x0 have=1 hidden=1
2026-02-11 19:06:17.370 fallout1-rebirth[27354:79714693] MOUSE_SIMULATE: delta=(0,0) buttons=0x0 have=1 hidden=1
2026-02-11 19:06:17.436 fallout1-rebirth[27354:79714693] MOUSE_SIMULATE: delta=(0,0) buttons=0x0 have=1 hidden=1
2026-02-11 19:06:17.503 fallout1-rebirth[27354:79714693] MOUSE_SIMULATE: delta=(0,0) buttons=0x0 have=1 hidden=1
2026-02-11 19:06:17.571 fallout1-rebirth[27354:79714693] MOUSE_SIMULATE: delta=(0,0) buttons=0x0 have=1 hidden=1
2026-02-11 19:06:17.637 fallout1-rebirth[27354:79714693] MOUSE_SIMULATE: delta=(0,0) buttons=0x0 have=1 hidden=1
2026-02-11 19:06:17.703 fallout1-rebirth[27354:79714693] MOUSE_SIMULATE: delta=(0,0) buttons=0x0 have=1 hidden=1
2026-02-11 19:06:17.770 fallout1-rebirth[27354:79714693] MOUSE_SIMULATE: delta=(0,0) buttons=0x0 have=1 hidden=1
2026-02-11 19:06:17.837 fallout1-rebirth[27354:79714693] MOUSE_SIMULATE: delta=(0,0) buttons=0x0 have=1 hidden=1
2026-02-11 19:06:17.903 fallout1-rebirth[27354:79714693] MOUSE_SIMULATE: delta=(0,0) buttons=0x0 have=1 hidden=1
2026-02-11 19:06:17.971 fallout1-rebirth[27354:79714693] MOUSE_SIMULATE: delta=(0,0) buttons=0x0 have=1 hidden=1
2026-02-11 19:06:18.037 fallout1-rebirth[27354:79714693] MOUSE_SIMULATE: delta=(0,0) buttons=0x0 have=1 hidden=1
2026-02-11 19:06:18.104 fallout1-rebirth[27354:79714693] MOUSE_SIMULATE: delta=(0,0) buttons=0x0 have=1 hidden=1
2026-02-11 19:06:18.170 fallout1-rebirth[27354:79714693] MOUSE_SIMULATE: delta=(0,0) buttons=0x0 have=1 hidden=1
2026-02-11 19:06:18.238 fallout1-rebirth[27354:79714693] MOUSE_SIMULATE: delta=(0,0) buttons=0x0 have=1 hidden=1
2026-02-11 19:06:18.304 fallout1-rebirth[27354:79714693] MOUSE_SIMULATE: delta=(16,315) buttons=0x0 have=1 hidden=1
2026-02-11 19:06:18.305 fallout1-rebirth[27354:79714693] INPUT: MOUSE_MOTION x=16.0 y=315.0 rel=(16.0,315.0)
2026-02-11 19:06:18.372 fallout1-rebirth[27354:79714693] MOUSE_SIMULATE: delta=(14,-12) buttons=0x0 have=1 hidden=1
2026-02-11 19:06:18.372 fallout1-rebirth[27354:79714693] INPUT: MOUSE_MOTION x=30.0 y=303.0 rel=(14.0,-12.0)
2026-02-11 19:06:18.438 fallout1-rebirth[27354:79714693] MOUSE_SIMULATE: delta=(2,-2) buttons=0x0 have=1 hidden=1
2026-02-11 19:06:18.438 fallout1-rebirth[27354:79714693] INPUT: MOUSE_MOTION x=32.0 y=301.0 rel=(2.0,-2.0)
2026-02-11 19:06:18.505 fallout1-rebirth[27354:79714693] MOUSE_POS: raw=(612,949) hot=(0,0) result=(612,949)
2026-02-11 19:06:18.505 fallout1-rebirth[27354:79714693] MOUSE_SIMULATE: delta=(0,0) buttons=0x0 have=1 hidden=1
2026-02-11 19:06:18.571 fallout1-rebirth[27354:79714693] MOUSE_SIMULATE: delta=(0,0) buttons=0x0 have=1 hidden=1
2026-02-11 19:06:18.637 fallout1-rebirth[27354:79714693] MOUSE_SIMULATE: delta=(0,0) buttons=0x0 have=1 hidden=1
2026-02-11 19:06:18.705 fallout1-rebirth[27354:79714693] MOUSE_SIMULATE: delta=(-19,-19) buttons=0x0 have=1 hidden=1
2026-02-11 19:06:18.705 fallout1-rebirth[27354:79714693] INPUT: MOUSE_MOTION x=13.0 y=282.0 rel=(-19.0,-19.0)
2026-02-11 19:06:18.772 fallout1-rebirth[27354:79714693] MOUSE_SIMULATE: delta=(-12,-13) buttons=0x0 have=1 hidden=1
2026-02-11 19:06:18.772 fallout1-rebirth[27354:79714693] INPUT: MOUSE_MOTION x=1.0 y=269.0 rel=(-12.0,-13.0)
2026-02-11 19:06:18.838 fallout1-rebirth[27354:79714693] MOUSE_SIMULATE: delta=(0,0) buttons=0x0 have=1 hidden=1
2026-02-11 19:06:18.904 fallout1-rebirth[27354:79714693] MOUSE_SIMULATE: delta=(0,0) buttons=0x0 have=1 hidden=1
2026-02-11 19:06:18.971 fallout1-rebirth[27354:79714693] MOUSE_SIMULATE: delta=(0,0) buttons=0x0 have=1 hidden=1
2026-02-11 19:06:19.038 fallout1-rebirth[27354:79714693] MOUSE_SIMULATE: delta=(0,0) buttons=0x0 have=1 hidden=1
2026-02-11 19:06:19.105 fallout1-rebirth[27354:79714693] MOUSE_SIMULATE: delta=(0,0) buttons=0x0 have=1 hidden=1
2026-02-11 19:06:19.171 fallout1-rebirth[27354:79714693] MOUSE_SIMULATE: delta=(0,0) buttons=0x0 have=1 hidden=1
2026-02-11 19:06:19.238 fallout1-rebirth[27354:79714693] MOUSE_SIMULATE: delta=(0,0) buttons=0x0 have=1 hidden=1
2026-02-11 19:06:19.305 fallout1-rebirth[27354:79714693] MOUSE_SIMULATE: delta=(0,0) buttons=0x0 have=1 hidden=1
2026-02-11 19:06:19.372 fallout1-rebirth[27354:79714693] MOUSE_SIMULATE: delta=(0,0) buttons=0x0 have=1 hidden=1
2026-02-11 19:06:19.438 fallout1-rebirth[27354:79714693] MOUSE_SIMULATE: delta=(0,0) buttons=0x0 have=1 hidden=1
2026-02-11 19:06:19.506 fallout1-rebirth[27354:79714693] MOUSE_SIMULATE: delta=(0,0) buttons=0x0 have=1 hidden=1
2026-02-11 19:06:19.573 fallout1-rebirth[27354:79714693] MOUSE_SIMULATE: delta=(0,0) buttons=0x0 have=1 hidden=1
2026-02-11 19:06:19.638 fallout1-rebirth[27354:79714693] MOUSE_SIMULATE: delta=(0,0) buttons=0x0 have=1 hidden=1
2026-02-11 19:06:19.706 fallout1-rebirth[27354:79714693] MOUSE_SIMULATE: delta=(0,0) buttons=0x0 have=1 hidden=1
2026-02-11 19:06:19.773 fallout1-rebirth[27354:79714693] MOUSE_SIMULATE: delta=(0,0) buttons=0x0 have=1 hidden=1
2026-02-11 19:06:19.839 fallout1-rebirth[27354:79714693] MOUSE_SIMULATE: delta=(0,0) buttons=0x0 have=1 hidden=1
2026-02-11 19:06:19.906 fallout1-rebirth[27354:79714693] MOUSE_SIMULATE: delta=(0,0) buttons=0x0 have=1 hidden=1
2026-02-11 19:06:19.972 fallout1-rebirth[27354:79714693] MOUSE_SIMULATE: delta=(0,0) buttons=0x0 have=1 hidden=1
2026-02-11 19:06:20.040 fallout1-rebirth[27354:79714693] MOUSE_SIMULATE: delta=(0,0) buttons=0x0 have=1 hidden=1
2026-02-11 19:06:20.107 fallout1-rebirth[27354:79714693] MOUSE_SIMULATE: delta=(0,0) buttons=0x0 have=1 hidden=1
2026-02-11 19:06:20.173 fallout1-rebirth[27354:79714693] MOUSE_SIMULATE: delta=(0,0) buttons=0x0 have=1 hidden=1
2026-02-11 19:06:20.240 fallout1-rebirth[27354:79714693] MOUSE_SIMULATE: delta=(0,0) buttons=0x0 have=1 hidden=1
2026-02-11 19:06:20.307 fallout1-rebirth[27354:79714693] MOUSE_SIMULATE: delta=(0,0) buttons=0x0 have=1 hidden=1
2026-02-11 19:06:20.374 fallout1-rebirth[27354:79714693] MOUSE_SIMULATE: delta=(0,0) buttons=0x0 have=1 hidden=1
2026-02-11 19:06:20.440 fallout1-rebirth[27354:79714693] MOUSE_SIMULATE: delta=(0,0) buttons=0x0 have=1 hidden=1
2026-02-11 19:06:20.507 fallout1-rebirth[27354:79714693] MOUSE_SIMULATE: delta=(0,0) buttons=0x0 have=1 hidden=1
2026-02-11 19:06:20.574 fallout1-rebirth[27354:79714693] MOUSE_SIMULATE: delta=(0,0) buttons=0x0 have=1 hidden=1
2026-02-11 19:06:20.640 fallout1-rebirth[27354:79714693] MOUSE_SIMULATE: delta=(0,0) buttons=0x0 have=1 hidden=1
2026-02-11 19:06:20.707 fallout1-rebirth[27354:79714693] MOUSE_SIMULATE: delta=(0,0) buttons=0x0 have=1 hidden=1
2026-02-11 19:06:20.774 fallout1-rebirth[27354:79714693] MOUSE_SIMULATE: delta=(0,0) buttons=0x0 have=1 hidden=1
2026-02-11 19:06:20.841 fallout1-rebirth[27354:79714693] MOUSE_SIMULATE: delta=(0,0) buttons=0x0 have=1 hidden=1
2026-02-11 19:06:20.907 fallout1-rebirth[27354:79714693] MOUSE_SIMULATE: delta=(0,0) buttons=0x0 have=1 hidden=1
2026-02-11 19:06:20.974 fallout1-rebirth[27354:79714693] MOUSE_SIMULATE: delta=(0,0) buttons=0x0 have=1 hidden=1
2026-02-11 19:06:21.041 fallout1-rebirth[27354:79714693] MOUSE_SIMULATE: delta=(0,0) buttons=0x0 have=1 hidden=1
2026-02-11 19:06:21.108 fallout1-rebirth[27354:79714693] MOUSE_SIMULATE: delta=(0,0) buttons=0x0 have=1 hidden=1
2026-02-11 19:06:21.174 fallout1-rebirth[27354:79714693] MOUSE_SIMULATE: delta=(0,0) buttons=0x0 have=1 hidden=1
2026-02-11 19:06:21.241 fallout1-rebirth[27354:79714693] MOUSE_SIMULATE: delta=(0,0) buttons=0x0 have=1 hidden=1
2026-02-11 19:06:21.308 fallout1-rebirth[27354:79714693] MOUSE_SIMULATE: delta=(0,0) buttons=0x0 have=1 hidden=1
2026-02-11 19:06:21.374 fallout1-rebirth[27354:79714693] MOUSE_SIMULATE: delta=(0,0) buttons=0x0 have=1 hidden=1
2026-02-11 19:06:21.441 fallout1-rebirth[27354:79714693] MOUSE_SIMULATE: delta=(0,0) buttons=0x0 have=1 hidden=1
2026-02-11 19:06:21.508 fallout1-rebirth[27354:79714693] MOUSE_SIMULATE: delta=(0,0) buttons=0x0 have=1 hidden=1
2026-02-11 19:06:21.575 fallout1-rebirth[27354:79714693] MOUSE_SIMULATE: delta=(0,0) buttons=0x0 have=1 hidden=1
2026-02-11 19:06:21.641 fallout1-rebirth[27354:79714693] MOUSE_SIMULATE: delta=(0,0) buttons=0x0 have=1 hidden=1
2026-02-11 19:06:21.708 fallout1-rebirth[27354:79714693] MOUSE_SIMULATE: delta=(0,0) buttons=0x0 have=1 hidden=1
2026-02-11 19:06:21.775 fallout1-rebirth[27354:79714693] MOUSE_SIMULATE: delta=(0,0) buttons=0x0 have=1 hidden=1
2026-02-11 19:06:21.842 fallout1-rebirth[27354:79714693] MOUSE_SIMULATE: delta=(0,0) buttons=0x0 have=1 hidden=1
2026-02-11 19:06:21.908 fallout1-rebirth[27354:79714693] MOUSE_SIMULATE: delta=(0,0) buttons=0x0 have=1 hidden=1
2026-02-11 19:06:21.975 fallout1-rebirth[27354:79714693] MOUSE_SIMULATE: delta=(0,0) buttons=0x0 have=1 hidden=1
2026-02-11 19:06:22.042 fallout1-rebirth[27354:79714693] MOUSE_SIMULATE: delta=(0,0) buttons=0x0 have=1 hidden=1
2026-02-11 19:06:22.109 fallout1-rebirth[27354:79714693] MOUSE_SIMULATE: delta=(0,0) buttons=0x0 have=1 hidden=1
2026-02-11 19:06:22.175 fallout1-rebirth[27354:79714693] MOUSE_SIMULATE: delta=(0,0) buttons=0x0 have=1 hidden=1
2026-02-11 19:06:22.242 fallout1-rebirth[27354:79714693] MOUSE_SIMULATE: delta=(0,0) buttons=0x0 have=1 hidden=1
2026-02-11 19:06:22.309 fallout1-rebirth[27354:79714693] MOUSE_SIMULATE: delta=(0,0) buttons=0x0 have=1 hidden=1
2026-02-11 19:06:22.375 fallout1-rebirth[27354:79714693] MOUSE_SIMULATE: delta=(0,0) buttons=0x0 have=1 hidden=1
2026-02-11 19:06:22.442 fallout1-rebirth[27354:79714693] MOUSE_SIMULATE: delta=(0,0) buttons=0x0 have=1 hidden=1
2026-02-11 19:06:22.508 fallout1-rebirth[27354:79714693] MOUSE_POS: raw=(581,917) hot=(0,0) result=(581,917)
2026-02-11 19:06:22.508 fallout1-rebirth[27354:79714693] MOUSE_SIMULATE: delta=(0,0) buttons=0x0 have=1 hidden=1
2026-02-11 19:06:22.575 fallout1-rebirth[27354:79714693] MOUSE_SIMULATE: delta=(0,0) buttons=0x0 have=1 hidden=1
2026-02-11 19:06:22.642 fallout1-rebirth[27354:79714693] MOUSE_SIMULATE: delta=(0,0) buttons=0x0 have=1 hidden=1
2026-02-11 19:06:22.709 fallout1-rebirth[27354:79714693] MOUSE_SIMULATE: delta=(0,0) buttons=0x0 have=1 hidden=1
2026-02-11 19:06:22.776 fallout1-rebirth[27354:79714693] MOUSE_SIMULATE: delta=(-1,56) buttons=0x0 have=1 hidden=1
2026-02-11 19:06:22.776 fallout1-rebirth[27354:79714693] INPUT: MOUSE_MOTION x=0.0 y=325.0 rel=(-1.0,56.0)
2026-02-11 19:06:22.843 fallout1-rebirth[27354:79714693] MOUSE_SIMULATE: delta=(44,-14) buttons=0x0 have=1 hidden=1
2026-02-11 19:06:22.843 fallout1-rebirth[27354:79714693] INPUT: MOUSE_MOTION x=44.0 y=311.0 rel=(44.0,-14.0)
2026-02-11 19:06:22.909 fallout1-rebirth[27354:79714693] MOUSE_SIMULATE: delta=(62,-12) buttons=0x0 have=1 hidden=1
2026-02-11 19:06:22.909 fallout1-rebirth[27354:79714693] INPUT: MOUSE_MOTION x=106.0 y=299.0 rel=(62.0,-12.0)
2026-02-11 19:06:22.976 fallout1-rebirth[27354:79714693] MOUSE_SIMULATE: delta=(29,-5) buttons=0x0 have=1 hidden=1
2026-02-11 19:06:22.976 fallout1-rebirth[27354:79714693] INPUT: MOUSE_MOTION x=135.0 y=294.0 rel=(29.0,-5.0)
2026-02-11 19:06:23.043 fallout1-rebirth[27354:79714693] MOUSE_SIMULATE: delta=(4,-1) buttons=0x0 have=1 hidden=1
2026-02-11 19:06:23.043 fallout1-rebirth[27354:79714693] INPUT: MOUSE_MOTION x=139.0 y=293.0 rel=(4.0,-1.0)
2026-02-11 19:06:23.110 fallout1-rebirth[27354:79714693] MOUSE_SIMULATE: delta=(10,-2) buttons=0x0 have=1 hidden=1
2026-02-11 19:06:23.110 fallout1-rebirth[27354:79714693] INPUT: MOUSE_MOTION x=149.0 y=291.0 rel=(10.0,-2.0)
2026-02-11 19:06:23.176 fallout1-rebirth[27354:79714693] MOUSE_SIMULATE: delta=(4,-2) buttons=0x0 have=1 hidden=1
2026-02-11 19:06:23.176 fallout1-rebirth[27354:79714693] INPUT: MOUSE_MOTION x=153.0 y=289.0 rel=(4.0,-2.0)
2026-02-11 19:06:23.243 fallout1-rebirth[27354:79714693] MOUSE_SIMULATE: delta=(0,0) buttons=0x0 have=1 hidden=1
2026-02-11 19:06:23.310 fallout1-rebirth[27354:79714693] MOUSE_SIMULATE: delta=(0,0) buttons=0x0 have=1 hidden=1
2026-02-11 19:06:23.376 fallout1-rebirth[27354:79714693] MOUSE_SIMULATE: delta=(0,0) buttons=0x0 have=1 hidden=1
2026-02-11 19:06:23.442 fallout1-rebirth[27354:79714693] MOUSE_SIMULATE: delta=(0,0) buttons=0x0 have=1 hidden=1
2026-02-11 19:06:23.510 fallout1-rebirth[27354:79714693] MOUSE_SIMULATE: delta=(0,0) buttons=0x1 have=1 hidden=1
2026-02-11 19:06:23.557 fallout1-rebirth[27354:79714693] mouse_set_shape: size=18x18 hotspot=(0,0) mouse_pos=(733,937) click_pos=(733,937)
2026-02-11 19:06:23.561 fallout1-rebirth[27354:79714693] mouse_set_shape: size=1x1 hotspot=(0,0) mouse_pos=(733,937) click_pos=(733,937)
2026-02-11 19:06:23.561 fallout1-rebirth[27354:79714693] MOUSE_SIMULATE: delta=(0,0) buttons=0x0 have=1 hidden=0
2026-02-11 19:06:23.561 fallout1-rebirth[27354:79714693] MOUSE_SIMULATE: delta=(0,0) buttons=0x0 have=1 hidden=0
2026-02-11 19:06:23.562 fallout1-rebirth[27354:79714693] INPUT: MOUSE_BUTTON_DOWN button=1 x=153.0 y=289.0
2026-02-11 19:06:23.562 fallout1-rebirth[27354:79714693] INPUT: MOUSE_BUTTON_UP button=1 x=153.0 y=289.0
2026-02-11 19:06:23.655 fallout1-rebirth[27354:79714693] MOUSE_SIMULATE: delta=(0,0) buttons=0x0 have=1 hidden=1
2026-02-11 19:06:23.722 fallout1-rebirth[27354:79714693] MOUSE_SIMULATE: delta=(0,0) buttons=0x0 have=1 hidden=1
2026-02-11 19:06:23.788 fallout1-rebirth[27354:79714693] MOUSE_SIMULATE: delta=(0,0) buttons=0x0 have=1 hidden=1
2026-02-11 19:06:23.855 fallout1-rebirth[27354:79714693] MOUSE_SIMULATE: delta=(0,0) buttons=0x0 have=1 hidden=1
2026-02-11 19:06:23.921 fallout1-rebirth[27354:79714693] MOUSE_SIMULATE: delta=(0,0) buttons=0x0 have=1 hidden=1
2026-02-11 19:06:23.989 fallout1-rebirth[27354:79714693] MOUSE_SIMULATE: delta=(0,0) buttons=0x0 have=1 hidden=1
2026-02-11 19:06:24.055 fallout1-rebirth[27354:79714693] MOUSE_SIMULATE: delta=(0,0) buttons=0x0 have=1 hidden=1
2026-02-11 19:06:24.122 fallout1-rebirth[27354:79714693] MOUSE_SIMULATE: delta=(0,0) buttons=0x0 have=1 hidden=1
2026-02-11 19:06:24.189 fallout1-rebirth[27354:79714693] MOUSE_SIMULATE: delta=(0,0) buttons=0x0 have=1 hidden=1
2026-02-11 19:06:24.254 fallout1-rebirth[27354:79714693] MOUSE_SIMULATE: delta=(0,0) buttons=0x0 have=1 hidden=1
2026-02-11 19:06:24.320 fallout1-rebirth[27354:79714693] MOUSE_SIMULATE: delta=(0,0) buttons=0x0 have=1 hidden=1
2026-02-11 19:06:24.387 fallout1-rebirth[27354:79714693] MOUSE_SIMULATE: delta=(0,0) buttons=0x2 have=1 hidden=1
2026-02-11 19:06:24.434 fallout1-rebirth[27354:79714693] mouse_set_shape: size=18x18 hotspot=(0,0) mouse_pos=(733,937) click_pos=(733,937)
2026-02-11 19:06:25.158 fallout1-rebirth[27354:79714693] INPUT: MOUSE_BUTTON_DOWN button=3 x=153.0 y=289.0
2026-02-11 19:06:25.158 fallout1-rebirth[27354:79714693] INPUT: MOUSE_BUTTON_UP button=3 x=153.0 y=289.0
2026-02-11 19:06:25.161 fallout1-rebirth[27354:79714693] MOUSE_SIMULATE: delta=(0,0) buttons=0x0 have=1 hidden=0
2026-02-11 19:06:25.174 fallout1-rebirth[27354:79714693] MOUSE_SIMULATE: delta=(0,0) buttons=0x0 have=1 hidden=0
2026-02-11 19:06:25.194 fallout1-rebirth[27354:79714693] MOUSE_SIMULATE: delta=(0,0) buttons=0x0 have=1 hidden=0
2026-02-11 19:06:25.209 fallout1-rebirth[27354:79714693] MOUSE_SIMULATE: delta=(0,0) buttons=0x0 have=1 hidden=0
2026-02-11 19:06:25.228 fallout1-rebirth[27354:79714693] MOUSE_SIMULATE: delta=(0,0) buttons=0x0 have=1 hidden=0
2026-02-11 19:06:25.243 fallout1-rebirth[27354:79714693] MOUSE_SIMULATE: delta=(0,0) buttons=0x0 have=1 hidden=0
2026-02-11 19:06:25.263 fallout1-rebirth[27354:79714693] MOUSE_SIMULATE: delta=(0,0) buttons=0x0 have=1 hidden=0
2026-02-11 19:06:25.277 fallout1-rebirth[27354:79714693] MOUSE_SIMULATE: delta=(0,0) buttons=0x0 have=1 hidden=0
2026-02-11 19:06:25.297 fallout1-rebirth[27354:79714693] MOUSE_SIMULATE: delta=(0,0) buttons=0x0 have=1 hidden=0
2026-02-11 19:06:25.314 fallout1-rebirth[27354:79714693] MOUSE_SIMULATE: delta=(0,0) buttons=0x0 have=1 hidden=0
2026-02-11 19:06:25.328 fallout1-rebirth[27354:79714693] INPUT: MOUSE_MOTION x=154.0 y=289.0 rel=(1.0,0.0)
2026-02-11 19:06:25.331 fallout1-rebirth[27354:79714693] MOUSE_SIMULATE: delta=(1,0) buttons=0x0 have=1 hidden=0
2026-02-11 19:06:25.345 fallout1-rebirth[27354:79714693] INPUT: MOUSE_MOTION x=160.0 y=290.0 rel=(6.0,1.0)
2026-02-11 19:06:25.345 fallout1-rebirth[27354:79714693] MOUSE_SIMULATE: delta=(6,1) buttons=0x0 have=1 hidden=0
2026-02-11 19:06:25.361 fallout1-rebirth[27354:79714693] INPUT: MOUSE_MOTION x=168.0 y=292.0 rel=(8.0,2.0)
2026-02-11 19:06:25.364 fallout1-rebirth[27354:79714693] MOUSE_SIMULATE: delta=(8,2) buttons=0x0 have=1 hidden=0
2026-02-11 19:06:25.378 fallout1-rebirth[27354:79714693] INPUT: MOUSE_MOTION x=179.0 y=295.0 rel=(11.0,3.0)
2026-02-11 19:06:25.378 fallout1-rebirth[27354:79714693] MOUSE_SIMULATE: delta=(11,3) buttons=0x0 have=1 hidden=0
2026-02-11 19:06:25.395 fallout1-rebirth[27354:79714693] INPUT: MOUSE_MOTION x=204.0 y=303.0 rel=(25.0,8.0)
2026-02-11 19:06:25.398 fallout1-rebirth[27354:79714693] MOUSE_SIMULATE: delta=(25,8) buttons=0x0 have=1 hidden=0
2026-02-11 19:06:25.413 fallout1-rebirth[27354:79714693] INPUT: MOUSE_MOTION x=232.0 y=312.0 rel=(28.0,9.0)
2026-02-11 19:06:25.413 fallout1-rebirth[27354:79714693] MOUSE_SIMULATE: delta=(28,9) buttons=0x0 have=1 hidden=0
2026-02-11 19:06:25.429 fallout1-rebirth[27354:79714693] INPUT: MOUSE_MOTION x=258.0 y=320.0 rel=(26.0,8.0)
2026-02-11 19:06:25.432 fallout1-rebirth[27354:79714693] MOUSE_SIMULATE: delta=(26,8) buttons=0x0 have=1 hidden=0
2026-02-11 19:06:25.447 fallout1-rebirth[27354:79714693] INPUT: MOUSE_MOTION x=274.0 y=325.0 rel=(16.0,5.0)
2026-02-11 19:06:25.447 fallout1-rebirth[27354:79714693] MOUSE_SIMULATE: delta=(16,5) buttons=0x0 have=1 hidden=0
2026-02-11 19:06:25.463 fallout1-rebirth[27354:79714693] INPUT: MOUSE_MOTION x=292.0 y=330.0 rel=(18.0,5.0)
2026-02-11 19:06:25.466 fallout1-rebirth[27354:79714693] MOUSE_SIMULATE: delta=(18,5) buttons=0x0 have=1 hidden=0
2026-02-11 19:06:25.480 fallout1-rebirth[27354:79714693] INPUT: MOUSE_MOTION x=305.0 y=333.0 rel=(13.0,3.0)
2026-02-11 19:06:25.480 fallout1-rebirth[27354:79714693] MOUSE_SIMULATE: delta=(13,3) buttons=0x0 have=1 hidden=0
2026-02-11 19:06:25.497 fallout1-rebirth[27354:79714693] INPUT: MOUSE_MOTION x=319.0 y=336.0 rel=(14.0,3.0)
2026-02-11 19:06:25.500 fallout1-rebirth[27354:79714693] MOUSE_SIMULATE: delta=(14,3) buttons=0x0 have=1 hidden=0
2026-02-11 19:06:25.514 fallout1-rebirth[27354:79714693] INPUT: MOUSE_MOTION x=326.0 y=337.0 rel=(7.0,1.0)
2026-02-11 19:06:25.514 fallout1-rebirth[27354:79714693] MOUSE_SIMULATE: delta=(7,1) buttons=0x0 have=1 hidden=0
2026-02-11 19:06:25.531 fallout1-rebirth[27354:79714693] INPUT: MOUSE_MOTION x=334.0 y=337.0 rel=(8.0,0.0)
2026-02-11 19:06:25.534 fallout1-rebirth[27354:79714693] MOUSE_SIMULATE: delta=(8,0) buttons=0x0 have=1 hidden=0
2026-02-11 19:06:25.548 fallout1-rebirth[27354:79714693] INPUT: MOUSE_MOTION x=338.0 y=337.0 rel=(4.0,0.0)
2026-02-11 19:06:25.548 fallout1-rebirth[27354:79714693] MOUSE_SIMULATE: delta=(4,0) buttons=0x0 have=1 hidden=0
2026-02-11 19:06:25.565 fallout1-rebirth[27354:79714693] INPUT: MOUSE_MOTION x=341.0 y=337.0 rel=(3.0,0.0)
2026-02-11 19:06:25.568 fallout1-rebirth[27354:79714693] MOUSE_SIMULATE: delta=(3,0) buttons=0x0 have=1 hidden=0
2026-02-11 19:06:25.582 fallout1-rebirth[27354:79714693] INPUT: MOUSE_MOTION x=342.0 y=337.0 rel=(1.0,0.0)
2026-02-11 19:06:25.582 fallout1-rebirth[27354:79714693] MOUSE_SIMULATE: delta=(1,0) buttons=0x0 have=1 hidden=0
2026-02-11 19:06:25.599 fallout1-rebirth[27354:79714693] INPUT: MOUSE_MOTION x=344.0 y=337.0 rel=(2.0,0.0)
2026-02-11 19:06:25.602 fallout1-rebirth[27354:79714693] MOUSE_SIMULATE: delta=(2,0) buttons=0x0 have=1 hidden=0
2026-02-11 19:06:25.616 fallout1-rebirth[27354:79714693] INPUT: MOUSE_MOTION x=345.0 y=337.0 rel=(1.0,0.0)
2026-02-11 19:06:25.619 fallout1-rebirth[27354:79714693] MOUSE_SIMULATE: delta=(1,0) buttons=0x0 have=1 hidden=0
2026-02-11 19:06:25.636 fallout1-rebirth[27354:79714693] MOUSE_SIMULATE: delta=(0,0) buttons=0x0 have=1 hidden=0
2026-02-11 19:06:25.650 fallout1-rebirth[27354:79714693] MOUSE_POS: raw=(925,985) hot=(0,0) result=(925,985)
2026-02-11 19:06:25.650 fallout1-rebirth[27354:79714693] MOUSE_SIMULATE: delta=(0,0) buttons=0x0 have=1 hidden=0
2026-02-11 19:06:25.670 fallout1-rebirth[27354:79714693] MOUSE_SIMULATE: delta=(0,0) buttons=0x0 have=1 hidden=0
2026-02-11 19:06:25.685 fallout1-rebirth[27354:79714693] MOUSE_SIMULATE: delta=(0,0) buttons=0x0 have=1 hidden=0
2026-02-11 19:06:25.704 fallout1-rebirth[27354:79714693] MOUSE_SIMULATE: delta=(0,0) buttons=0x0 have=1 hidden=0
2026-02-11 19:06:25.718 fallout1-rebirth[27354:79714693] MOUSE_SIMULATE: delta=(0,0) buttons=0x0 have=1 hidden=0
2026-02-11 19:06:25.738 fallout1-rebirth[27354:79714693] MOUSE_SIMULATE: delta=(0,0) buttons=0x0 have=1 hidden=0
2026-02-11 19:06:25.752 fallout1-rebirth[27354:79714693] MOUSE_SIMULATE: delta=(0,0) buttons=0x0 have=1 hidden=0
2026-02-11 19:06:25.772 fallout1-rebirth[27354:79714693] MOUSE_SIMULATE: delta=(0,0) buttons=0x0 have=1 hidden=0
2026-02-11 19:06:25.786 fallout1-rebirth[27354:79714693] MOUSE_SIMULATE: delta=(0,0) buttons=0x0 have=1 hidden=0
2026-02-11 19:06:25.807 fallout1-rebirth[27354:79714693] MOUSE_SIMULATE: delta=(0,0) buttons=0x0 have=1 hidden=0
2026-02-11 19:06:25.821 fallout1-rebirth[27354:79714693] MOUSE_SIMULATE: delta=(0,0) buttons=0x0 have=1 hidden=0
2026-02-11 19:06:25.841 fallout1-rebirth[27354:79714693] MOUSE_SIMULATE: delta=(0,0) buttons=0x0 have=1 hidden=0
2026-02-11 19:06:25.854 fallout1-rebirth[27354:79714693] MOUSE_SIMULATE: delta=(0,0) buttons=0x0 have=1 hidden=0
2026-02-11 19:06:25.875 fallout1-rebirth[27354:79714693] MOUSE_SIMULATE: delta=(0,0) buttons=0x0 have=1 hidden=0
2026-02-11 19:06:25.889 fallout1-rebirth[27354:79714693] INPUT: MOUSE_MOTION x=353.0 y=337.0 rel=(8.0,0.0)
2026-02-11 19:06:25.889 fallout1-rebirth[27354:79714693] MOUSE_SIMULATE: delta=(8,0) buttons=0x0 have=1 hidden=0
2026-02-11 19:06:25.906 fallout1-rebirth[27354:79714693] INPUT: MOUSE_MOTION x=366.0 y=337.0 rel=(13.0,0.0)
2026-02-11 19:06:25.909 fallout1-rebirth[27354:79714693] MOUSE_SIMULATE: delta=(20,-1) buttons=0x0 have=1 hidden=0
2026-02-11 19:06:25.923 fallout1-rebirth[27354:79714693] INPUT: MOUSE_MOTION x=373.0 y=336.0 rel=(7.0,-1.0)
2026-02-11 19:06:25.923 fallout1-rebirth[27354:79714693] INPUT: MOUSE_MOTION x=386.0 y=336.0 rel=(13.0,0.0)
2026-02-11 19:06:25.926 fallout1-rebirth[27354:79714693] MOUSE_SIMULATE: delta=(41,-1) buttons=0x0 have=1 hidden=0
2026-02-11 19:06:25.939 fallout1-rebirth[27354:79714693] INPUT: MOUSE_MOTION x=414.0 y=335.0 rel=(28.0,-1.0)
2026-02-11 19:06:25.939 fallout1-rebirth[27354:79714693] INPUT: MOUSE_MOTION x=433.0 y=335.0 rel=(19.0,0.0)
2026-02-11 19:06:25.943 fallout1-rebirth[27354:79714693] MOUSE_SIMULATE: delta=(41,0) buttons=0x0 have=1 hidden=0
2026-02-11 19:06:25.956 fallout1-rebirth[27354:79714693] INPUT: MOUSE_MOTION x=455.0 y=335.0 rel=(22.0,0.0)
2026-02-11 19:06:25.956 fallout1-rebirth[27354:79714693] MOUSE_SIMULATE: delta=(0,0) buttons=0x0 have=1 hidden=0
2026-02-11 19:06:25.974 fallout1-rebirth[27354:79714693] INPUT: MOUSE_MOTION x=487.0 y=335.0 rel=(32.0,0.0)
2026-02-11 19:06:25.977 fallout1-rebirth[27354:79714693] MOUSE_SIMULATE: delta=(78,5) buttons=0x0 have=1 hidden=0
2026-02-11 19:06:25.990 fallout1-rebirth[27354:79714693] INPUT: MOUSE_MOTION x=533.0 y=340.0 rel=(46.0,5.0)
2026-02-11 19:06:25.990 fallout1-rebirth[27354:79714693] INPUT: MOUSE_MOTION x=555.0 y=344.0 rel=(22.0,4.0)
2026-02-11 19:06:25.990 fallout1-rebirth[27354:79714693] MOUSE_SIMULATE: delta=(22,4) buttons=0x0 have=1 hidden=0
2026-02-11 19:06:26.007 fallout1-rebirth[27354:79714693] INPUT: MOUSE_MOTION x=592.0 y=353.0 rel=(37.0,9.0)
2026-02-11 19:06:26.010 fallout1-rebirth[27354:79714693] MOUSE_SIMULATE: delta=(54,13) buttons=0x0 have=1 hidden=0
2026-02-11 19:06:26.025 fallout1-rebirth[27354:79714693] INPUT: MOUSE_MOTION x=609.0 y=357.0 rel=(17.0,4.0)
2026-02-11 19:06:26.025 fallout1-rebirth[27354:79714693] INPUT: MOUSE_MOTION x=616.0 y=358.0 rel=(7.0,1.0)
2026-02-11 19:06:26.025 fallout1-rebirth[27354:79714693] MOUSE_SIMULATE: delta=(7,1) buttons=0x0 have=1 hidden=0
2026-02-11 19:06:26.041 fallout1-rebirth[27354:79714693] INPUT: MOUSE_MOTION x=637.0 y=364.0 rel=(21.0,6.0)
2026-02-11 19:06:26.044 fallout1-rebirth[27354:79714693] MOUSE_SIMULATE: delta=(24,6) buttons=0x0 have=1 hidden=0
2026-02-11 19:06:26.058 fallout1-rebirth[27354:79714693] INPUT: MOUSE_MOTION x=640.0 y=364.0 rel=(3.0,0.0)
2026-02-11 19:06:26.058 fallout1-rebirth[27354:79714693] INPUT: MOUSE_MOTION x=650.0 y=367.0 rel=(10.0,3.0)
2026-02-11 19:06:26.058 fallout1-rebirth[27354:79714693] MOUSE_SIMULATE: delta=(10,3) buttons=0x0 have=1 hidden=0
2026-02-11 19:06:26.075 fallout1-rebirth[27354:79714693] INPUT: MOUSE_MOTION x=654.0 y=367.0 rel=(4.0,0.0)
2026-02-11 19:06:26.078 fallout1-rebirth[27354:79714693] MOUSE_SIMULATE: delta=(4,0) buttons=0x0 have=1 hidden=0
2026-02-11 19:06:26.092 fallout1-rebirth[27354:79714693] INPUT: MOUSE_MOTION x=656.0 y=368.0 rel=(2.0,1.0)
2026-02-11 19:06:26.092 fallout1-rebirth[27354:79714693] MOUSE_SIMULATE: delta=(2,1) buttons=0x0 have=1 hidden=0
2026-02-11 19:06:26.110 fallout1-rebirth[27354:79714693] INPUT: MOUSE_MOTION x=657.0 y=368.0 rel=(1.0,0.0)
2026-02-11 19:06:26.112 fallout1-rebirth[27354:79714693] MOUSE_SIMULATE: delta=(1,0) buttons=0x0 have=1 hidden=0
2026-02-11 19:06:26.126 fallout1-rebirth[27354:79714693] MOUSE_SIMULATE: delta=(0,0) buttons=0x0 have=1 hidden=0
2026-02-11 19:06:26.146 fallout1-rebirth[27354:79714693] MOUSE_SIMULATE: delta=(0,0) buttons=0x0 have=1 hidden=0
2026-02-11 19:06:26.160 fallout1-rebirth[27354:79714693] MOUSE_SIMULATE: delta=(0,0) buttons=0x0 have=1 hidden=0
2026-02-11 19:06:26.180 fallout1-rebirth[27354:79714693] MOUSE_SIMULATE: delta=(0,0) buttons=0x0 have=1 hidden=0
2026-02-11 19:06:26.195 fallout1-rebirth[27354:79714693] MOUSE_SIMULATE: delta=(0,0) buttons=0x0 have=1 hidden=0
2026-02-11 19:06:26.214 fallout1-rebirth[27354:79714693] MOUSE_SIMULATE: delta=(0,0) buttons=0x0 have=1 hidden=0
2026-02-11 19:06:26.231 fallout1-rebirth[27354:79714693] MOUSE_SIMULATE: delta=(0,0) buttons=0x0 have=1 hidden=0
2026-02-11 19:06:26.248 fallout1-rebirth[27354:79714693] MOUSE_SIMULATE: delta=(0,0) buttons=0x0 have=1 hidden=0
2026-02-11 19:06:26.262 fallout1-rebirth[27354:79714693] MOUSE_SIMULATE: delta=(0,0) buttons=0x0 have=1 hidden=0
2026-02-11 19:06:26.282 fallout1-rebirth[27354:79714693] MOUSE_SIMULATE: delta=(0,0) buttons=0x0 have=1 hidden=0
2026-02-11 19:06:26.296 fallout1-rebirth[27354:79714693] MOUSE_SIMULATE: delta=(0,0) buttons=0x0 have=1 hidden=0
2026-02-11 19:06:26.316 fallout1-rebirth[27354:79714693] MOUSE_SIMULATE: delta=(0,0) buttons=0x0 have=1 hidden=0
2026-02-11 19:06:26.330 fallout1-rebirth[27354:79714693] MOUSE_SIMULATE: delta=(0,0) buttons=0x0 have=1 hidden=0
2026-02-11 19:06:26.350 fallout1-rebirth[27354:79714693] MOUSE_SIMULATE: delta=(0,0) buttons=0x0 have=1 hidden=0
2026-02-11 19:06:26.365 fallout1-rebirth[27354:79714693] MOUSE_SIMULATE: delta=(0,0) buttons=0x0 have=1 hidden=0
2026-02-11 19:06:26.384 fallout1-rebirth[27354:79714693] MOUSE_SIMULATE: delta=(0,0) buttons=0x0 have=1 hidden=0
2026-02-11 19:06:26.397 fallout1-rebirth[27354:79714693] MOUSE_SIMULATE: delta=(0,0) buttons=0x0 have=1 hidden=0
2026-02-11 19:06:26.415 fallout1-rebirth[27354:79714693] INPUT: MOUSE_MOTION x=659.0 y=368.0 rel=(2.0,0.0)
2026-02-11 19:06:26.418 fallout1-rebirth[27354:79714693] MOUSE_SIMULATE: delta=(2,0) buttons=0x0 have=1 hidden=0
2026-02-11 19:06:26.432 fallout1-rebirth[27354:79714693] INPUT: MOUSE_MOTION x=672.0 y=366.0 rel=(13.0,-2.0)
2026-02-11 19:06:26.432 fallout1-rebirth[27354:79714693] MOUSE_SIMULATE: delta=(13,-2) buttons=0x0 have=1 hidden=0
2026-02-11 19:06:26.448 fallout1-rebirth[27354:79714693] INPUT: MOUSE_MOTION x=690.0 y=364.0 rel=(18.0,-2.0)
2026-02-11 19:06:26.452 fallout1-rebirth[27354:79714693] MOUSE_SIMULATE: delta=(27,-3) buttons=0x0 have=1 hidden=0
2026-02-11 19:06:26.465 fallout1-rebirth[27354:79714693] INPUT: MOUSE_MOTION x=699.0 y=363.0 rel=(9.0,-1.0)
2026-02-11 19:06:26.465 fallout1-rebirth[27354:79714693] INPUT: MOUSE_MOTION x=716.0 y=362.0 rel=(17.0,-1.0)
2026-02-11 19:06:26.465 fallout1-rebirth[27354:79714693] MOUSE_SIMULATE: delta=(17,-1) buttons=0x0 have=1 hidden=0
2026-02-11 19:06:26.465 fallout1-rebirth[27354:79714693] MOUSE_SHOW: render at raw=(1296,1010) size=(18,18) hot=(0,0)
2026-02-11 19:06:26.483 fallout1-rebirth[27354:79714693] INPUT: MOUSE_MOTION x=754.0 y=361.0 rel=(38.0,-1.0)
2026-02-11 19:06:26.486 fallout1-rebirth[27354:79714693] MOUSE_SIMULATE: delta=(38,-1) buttons=0x0 have=1 hidden=0
2026-02-11 19:06:26.499 fallout1-rebirth[27354:79714693] INPUT: MOUSE_MOTION x=789.0 y=361.0 rel=(35.0,0.0)
2026-02-11 19:06:26.499 fallout1-rebirth[27354:79714693] MOUSE_SIMULATE: delta=(35,0) buttons=0x0 have=1 hidden=0
2026-02-11 19:06:26.517 fallout1-rebirth[27354:79714693] INPUT: MOUSE_MOTION x=818.0 y=361.0 rel=(29.0,0.0)
2026-02-11 19:06:26.520 fallout1-rebirth[27354:79714693] MOUSE_SIMULATE: delta=(29,0) buttons=0x0 have=1 hidden=0
2026-02-11 19:06:26.533 fallout1-rebirth[27354:79714693] INPUT: MOUSE_MOTION x=835.0 y=364.0 rel=(17.0,3.0)
2026-02-11 19:06:26.536 fallout1-rebirth[27354:79714693] MOUSE_SIMULATE: delta=(17,3) buttons=0x0 have=1 hidden=0
2026-02-11 19:06:26.550 fallout1-rebirth[27354:79714693] INPUT: MOUSE_MOTION x=852.0 y=367.0 rel=(17.0,3.0)
2026-02-11 19:06:26.553 fallout1-rebirth[27354:79714693] MOUSE_SIMULATE: delta=(20,4) buttons=0x0 have=1 hidden=0
2026-02-11 19:06:26.568 fallout1-rebirth[27354:79714693] INPUT: MOUSE_MOTION x=855.0 y=368.0 rel=(3.0,1.0)
2026-02-11 19:06:26.568 fallout1-rebirth[27354:79714693] INPUT: MOUSE_MOTION x=860.0 y=369.0 rel=(5.0,1.0)
2026-02-11 19:06:26.568 fallout1-rebirth[27354:79714693] MOUSE_SIMULATE: delta=(5,1) buttons=0x0 have=1 hidden=0
2026-02-11 19:06:26.585 fallout1-rebirth[27354:79714693] INPUT: MOUSE_MOTION x=866.0 y=370.0 rel=(6.0,1.0)
2026-02-11 19:06:26.588 fallout1-rebirth[27354:79714693] MOUSE_SIMULATE: delta=(8,2) buttons=0x0 have=1 hidden=0
2026-02-11 19:06:26.602 fallout1-rebirth[27354:79714693] INPUT: MOUSE_MOTION x=868.0 y=371.0 rel=(2.0,1.0)
2026-02-11 19:06:26.602 fallout1-rebirth[27354:79714693] INPUT: MOUSE_MOTION x=869.0 y=371.0 rel=(1.0,0.0)
2026-02-11 19:06:26.602 fallout1-rebirth[27354:79714693] MOUSE_SIMULATE: delta=(1,0) buttons=0x0 have=1 hidden=0
2026-02-11 19:06:26.618 fallout1-rebirth[27354:79714693] INPUT: MOUSE_MOTION x=870.0 y=371.0 rel=(1.0,0.0)
2026-02-11 19:06:26.621 fallout1-rebirth[27354:79714693] MOUSE_SIMULATE: delta=(2,0) buttons=0x0 have=1 hidden=0
2026-02-11 19:06:26.635 fallout1-rebirth[27354:79714693] INPUT: MOUSE_MOTION x=871.0 y=371.0 rel=(1.0,0.0)
2026-02-11 19:06:26.635 fallout1-rebirth[27354:79714693] MOUSE_SIMULATE: delta=(0,0) buttons=0x0 have=1 hidden=0
2026-02-11 19:06:26.656 fallout1-rebirth[27354:79714693] MOUSE_SIMULATE: delta=(0,0) buttons=0x0 have=1 hidden=0
2026-02-11 19:06:26.670 fallout1-rebirth[27354:79714693] INPUT: MOUSE_MOTION x=871.0 y=372.0 rel=(0.0,1.0)
2026-02-11 19:06:26.670 fallout1-rebirth[27354:79714693] MOUSE_POS: raw=(1451,1019) hot=(0,0) result=(1451,1019)
2026-02-11 19:06:26.670 fallout1-rebirth[27354:79714693] MOUSE_SIMULATE: delta=(0,1) buttons=0x0 have=1 hidden=0
2026-02-11 19:06:26.690 fallout1-rebirth[27354:79714693] MOUSE_SIMULATE: delta=(0,0) buttons=0x0 have=1 hidden=0
2026-02-11 19:06:26.705 fallout1-rebirth[27354:79714693] MOUSE_SIMULATE: delta=(0,0) buttons=0x0 have=1 hidden=0
2026-02-11 19:06:26.724 fallout1-rebirth[27354:79714693] MOUSE_SIMULATE: delta=(0,0) buttons=0x0 have=1 hidden=0
2026-02-11 19:06:26.738 fallout1-rebirth[27354:79714693] MOUSE_SIMULATE: delta=(0,0) buttons=0x0 have=1 hidden=0
2026-02-11 19:06:26.759 fallout1-rebirth[27354:79714693] MOUSE_SIMULATE: delta=(1,0) buttons=0x0 have=1 hidden=0
2026-02-11 19:06:26.772 fallout1-rebirth[27354:79714693] INPUT: MOUSE_MOTION x=872.0 y=372.0 rel=(1.0,0.0)
2026-02-11 19:06:26.772 fallout1-rebirth[27354:79714693] MOUSE_SIMULATE: delta=(0,0) buttons=0x0 have=1 hidden=0
2026-02-11 19:06:26.790 fallout1-rebirth[27354:79714693] INPUT: MOUSE_MOTION x=875.0 y=372.0 rel=(3.0,0.0)
2026-02-11 19:06:26.793 fallout1-rebirth[27354:79714693] MOUSE_SIMULATE: delta=(3,0) buttons=0x0 have=1 hidden=0
2026-02-11 19:06:26.807 fallout1-rebirth[27354:79714693] INPUT: MOUSE_MOTION x=879.0 y=373.0 rel=(4.0,1.0)
2026-02-11 19:06:26.807 fallout1-rebirth[27354:79714693] MOUSE_SIMULATE: delta=(4,1) buttons=0x0 have=1 hidden=0
2026-02-11 19:06:26.824 fallout1-rebirth[27354:79714693] INPUT: MOUSE_MOTION x=887.0 y=374.0 rel=(8.0,1.0)
2026-02-11 19:06:26.827 fallout1-rebirth[27354:79714693] MOUSE_SIMULATE: delta=(8,1) buttons=0x0 have=1 hidden=0
2026-02-11 19:06:26.841 fallout1-rebirth[27354:79714693] INPUT: MOUSE_MOTION x=894.0 y=376.0 rel=(7.0,2.0)
2026-02-11 19:06:26.844 fallout1-rebirth[27354:79714693] MOUSE_SIMULATE: delta=(7,2) buttons=0x0 have=1 hidden=0
2026-02-11 19:06:26.858 fallout1-rebirth[27354:79714693] INPUT: MOUSE_MOTION x=899.0 y=378.0 rel=(5.0,2.0)
2026-02-11 19:06:26.861 fallout1-rebirth[27354:79714693] MOUSE_SIMULATE: delta=(5,2) buttons=0x0 have=1 hidden=0
2026-02-11 19:06:26.875 fallout1-rebirth[27354:79714693] INPUT: MOUSE_MOTION x=905.0 y=379.0 rel=(6.0,1.0)
2026-02-11 19:06:26.875 fallout1-rebirth[27354:79714693] MOUSE_SIMULATE: delta=(6,1) buttons=0x0 have=1 hidden=0
2026-02-11 19:06:26.892 fallout1-rebirth[27354:79714693] INPUT: MOUSE_MOTION x=908.0 y=380.0 rel=(3.0,1.0)
2026-02-11 19:06:26.895 fallout1-rebirth[27354:79714693] MOUSE_SIMULATE: delta=(3,1) buttons=0x0 have=1 hidden=0
2026-02-11 19:06:26.908 fallout1-rebirth[27354:79714693] INPUT: MOUSE_MOTION x=910.0 y=381.0 rel=(2.0,1.0)
2026-02-11 19:06:26.908 fallout1-rebirth[27354:79714693] MOUSE_SIMULATE: delta=(2,1) buttons=0x0 have=1 hidden=0
2026-02-11 19:06:26.926 fallout1-rebirth[27354:79714693] INPUT: MOUSE_MOTION x=911.0 y=381.0 rel=(1.0,0.0)
2026-02-11 19:06:26.928 fallout1-rebirth[27354:79714693] MOUSE_SIMULATE: delta=(1,0) buttons=0x0 have=1 hidden=0
2026-02-11 19:06:26.943 fallout1-rebirth[27354:79714693] INPUT: MOUSE_MOTION x=912.0 y=382.0 rel=(1.0,1.0)
2026-02-11 19:06:26.943 fallout1-rebirth[27354:79714693] MOUSE_SIMULATE: delta=(1,1) buttons=0x0 have=1 hidden=0
2026-02-11 19:06:26.963 fallout1-rebirth[27354:79714693] MOUSE_SIMULATE: delta=(0,0) buttons=0x0 have=1 hidden=0
2026-02-11 19:06:26.976 fallout1-rebirth[27354:79714693] MOUSE_SIMULATE: delta=(0,0) buttons=0x0 have=1 hidden=0
2026-02-11 19:06:26.996 fallout1-rebirth[27354:79714693] MOUSE_SIMULATE: delta=(0,0) buttons=0x0 have=1 hidden=0
2026-02-11 19:06:27.011 fallout1-rebirth[27354:79714693] MOUSE_SIMULATE: delta=(0,0) buttons=0x0 have=1 hidden=0
2026-02-11 19:06:27.031 fallout1-rebirth[27354:79714693] MOUSE_SIMULATE: delta=(0,0) buttons=0x0 have=1 hidden=0
2026-02-11 19:06:27.045 fallout1-rebirth[27354:79714693] MOUSE_SIMULATE: delta=(0,0) buttons=0x0 have=1 hidden=0
2026-02-11 19:06:27.065 fallout1-rebirth[27354:79714693] MOUSE_SIMULATE: delta=(0,0) buttons=0x0 have=1 hidden=0
2026-02-11 19:06:27.078 fallout1-rebirth[27354:79714693] MOUSE_SIMULATE: delta=(0,0) buttons=0x0 have=1 hidden=0
2026-02-11 19:06:27.095 fallout1-rebirth[27354:79714693] INPUT: MOUSE_MOTION x=912.0 y=381.0 rel=(0.0,-1.0)
2026-02-11 19:06:27.099 fallout1-rebirth[27354:79714693] MOUSE_SIMULATE: delta=(0,-1) buttons=0x0 have=1 hidden=0
2026-02-11 19:06:27.113 fallout1-rebirth[27354:79714693] INPUT: MOUSE_MOTION x=912.0 y=379.0 rel=(0.0,-2.0)
2026-02-11 19:06:27.113 fallout1-rebirth[27354:79714693] MOUSE_SIMULATE: delta=(0,-2) buttons=0x0 have=1 hidden=0
2026-02-11 19:06:27.129 fallout1-rebirth[27354:79714693] INPUT: MOUSE_MOTION x=912.0 y=378.0 rel=(0.0,-1.0)
2026-02-11 19:06:27.132 fallout1-rebirth[27354:79714693] MOUSE_SIMULATE: delta=(0,-1) buttons=0x0 have=1 hidden=0
2026-02-11 19:06:27.146 fallout1-rebirth[27354:79714693] INPUT: MOUSE_MOTION x=911.0 y=378.0 rel=(-1.0,0.0)
2026-02-11 19:06:27.149 fallout1-rebirth[27354:79714693] MOUSE_SIMULATE: delta=(-1,0) buttons=0x0 have=1 hidden=0
2026-02-11 19:06:27.166 fallout1-rebirth[27354:79714693] MOUSE_SIMULATE: delta=(0,0) buttons=0x0 have=1 hidden=0
2026-02-11 19:06:27.181 fallout1-rebirth[27354:79714693] INPUT: MOUSE_MOTION x=911.0 y=377.0 rel=(0.0,-1.0)
2026-02-11 19:06:27.181 fallout1-rebirth[27354:79714693] MOUSE_SIMULATE: delta=(0,-1) buttons=0x0 have=1 hidden=0
2026-02-11 19:06:27.201 fallout1-rebirth[27354:79714693] MOUSE_SIMULATE: delta=(0,0) buttons=0x0 have=1 hidden=0
2026-02-11 19:06:27.214 fallout1-rebirth[27354:79714693] MOUSE_SIMULATE: delta=(0,0) buttons=0x0 have=1 hidden=0
2026-02-11 19:06:27.231 fallout1-rebirth[27354:79714693] INPUT: MOUSE_MOTION x=911.0 y=376.0 rel=(0.0,-1.0)
2026-02-11 19:06:27.234 fallout1-rebirth[27354:79714693] MOUSE_SIMULATE: delta=(0,-1) buttons=0x0 have=1 hidden=0
2026-02-11 19:06:27.249 fallout1-rebirth[27354:79714693] INPUT: MOUSE_MOTION x=910.0 y=375.0 rel=(-1.0,-1.0)
2026-02-11 19:06:27.249 fallout1-rebirth[27354:79714693] MOUSE_SIMULATE: delta=(-1,-1) buttons=0x0 have=1 hidden=0
2026-02-11 19:06:27.269 fallout1-rebirth[27354:79714693] MOUSE_SIMULATE: delta=(0,0) buttons=0x0 have=1 hidden=0
2026-02-11 19:06:27.283 fallout1-rebirth[27354:79714693] INPUT: MOUSE_MOTION x=910.0 y=374.0 rel=(0.0,-1.0)
2026-02-11 19:06:27.283 fallout1-rebirth[27354:79714693] MOUSE_SIMULATE: delta=(0,-1) buttons=0x0 have=1 hidden=0
2026-02-11 19:06:27.300 fallout1-rebirth[27354:79714693] INPUT: MOUSE_MOTION x=909.0 y=374.0 rel=(-1.0,0.0)
2026-02-11 19:06:27.303 fallout1-rebirth[27354:79714693] MOUSE_SIMULATE: delta=(-1,0) buttons=0x0 have=1 hidden=0
2026-02-11 19:06:27.316 fallout1-rebirth[27354:79714693] MOUSE_SIMULATE: delta=(0,0) buttons=0x0 have=1 hidden=0
2026-02-11 19:06:27.336 fallout1-rebirth[27354:79714693] MOUSE_SIMULATE: delta=(0,0) buttons=0x0 have=1 hidden=0
2026-02-11 19:06:27.350 fallout1-rebirth[27354:79714693] MOUSE_SIMULATE: delta=(0,0) buttons=0x0 have=1 hidden=0
2026-02-11 19:06:27.370 fallout1-rebirth[27354:79714693] MOUSE_SIMULATE: delta=(0,0) buttons=0x0 have=1 hidden=0
2026-02-11 19:06:27.384 fallout1-rebirth[27354:79714693] MOUSE_SIMULATE: delta=(0,0) buttons=0x0 have=1 hidden=0
2026-02-11 19:06:27.405 fallout1-rebirth[27354:79714693] MOUSE_SIMULATE: delta=(0,0) buttons=0x0 have=1 hidden=0
2026-02-11 19:06:27.419 fallout1-rebirth[27354:79714693] INPUT: MOUSE_MOTION x=908.0 y=373.0 rel=(-1.0,-1.0)
2026-02-11 19:06:27.419 fallout1-rebirth[27354:79714693] MOUSE_SIMULATE: delta=(-1,-1) buttons=0x0 have=1 hidden=0
2026-02-11 19:06:27.439 fallout1-rebirth[27354:79714693] MOUSE_SIMULATE: delta=(0,0) buttons=0x0 have=1 hidden=0
2026-02-11 19:06:27.456 fallout1-rebirth[27354:79714693] MOUSE_SIMULATE: delta=(0,0) buttons=0x0 have=1 hidden=0
2026-02-11 19:06:27.472 fallout1-rebirth[27354:79714693] MOUSE_SIMULATE: delta=(0,0) buttons=0x0 have=1 hidden=0
2026-02-11 19:06:27.487 fallout1-rebirth[27354:79714693] MOUSE_SIMULATE: delta=(0,0) buttons=0x0 have=1 hidden=0
2026-02-11 19:06:27.506 fallout1-rebirth[27354:79714693] MOUSE_SIMULATE: delta=(0,0) buttons=0x0 have=1 hidden=0
2026-02-11 19:06:27.521 fallout1-rebirth[27354:79714693] MOUSE_SIMULATE: delta=(0,0) buttons=0x0 have=1 hidden=0
2026-02-11 19:06:27.540 fallout1-rebirth[27354:79714693] MOUSE_SIMULATE: delta=(0,0) buttons=0x0 have=1 hidden=0
2026-02-11 19:06:27.554 fallout1-rebirth[27354:79714693] MOUSE_SIMULATE: delta=(0,0) buttons=0x0 have=1 hidden=0
2026-02-11 19:06:27.574 fallout1-rebirth[27354:79714693] MOUSE_SIMULATE: delta=(0,0) buttons=0x0 have=1 hidden=0
2026-02-11 19:06:27.588 fallout1-rebirth[27354:79714693] MOUSE_SIMULATE: delta=(0,0) buttons=0x0 have=1 hidden=0
2026-02-11 19:06:27.609 fallout1-rebirth[27354:79714693] MOUSE_SIMULATE: delta=(0,0) buttons=0x0 have=1 hidden=0
2026-02-11 19:06:27.622 fallout1-rebirth[27354:79714693] MOUSE_SIMULATE: delta=(0,0) buttons=0x0 have=1 hidden=0
2026-02-11 19:06:27.643 fallout1-rebirth[27354:79714693] MOUSE_SIMULATE: delta=(0,0) buttons=0x0 have=1 hidden=0
2026-02-11 19:06:27.657 fallout1-rebirth[27354:79714693] MOUSE_SIMULATE: delta=(0,0) buttons=0x0 have=1 hidden=0
2026-02-11 19:06:27.676 fallout1-rebirth[27354:79714693] MOUSE_SIMULATE: delta=(0,0) buttons=0x0 have=1 hidden=0
2026-02-11 19:06:27.690 fallout1-rebirth[27354:79714693] MOUSE_POS: raw=(1488,1021) hot=(0,0) result=(1488,1021)
2026-02-11 19:06:27.690 fallout1-rebirth[27354:79714693] MOUSE_SIMULATE: delta=(0,0) buttons=0x0 have=1 hidden=0
2026-02-11 19:06:27.711 fallout1-rebirth[27354:79714693] MOUSE_SIMULATE: delta=(0,0) buttons=0x0 have=1 hidden=0
2026-02-11 19:06:27.724 fallout1-rebirth[27354:79714693] MOUSE_SIMULATE: delta=(0,0) buttons=0x0 have=1 hidden=0
2026-02-11 19:06:27.746 fallout1-rebirth[27354:79714693] MOUSE_SIMULATE: delta=(0,0) buttons=0x0 have=1 hidden=0
2026-02-11 19:06:27.762 fallout1-rebirth[27354:79714693] MOUSE_SIMULATE: delta=(0,0) buttons=0x0 have=1 hidden=0
2026-02-11 19:06:27.778 fallout1-rebirth[27354:79714693] MOUSE_SIMULATE: delta=(0,0) buttons=0x0 have=1 hidden=0
2026-02-11 19:06:27.792 fallout1-rebirth[27354:79714693] MOUSE_SIMULATE: delta=(0,0) buttons=0x0 have=1 hidden=0
2026-02-11 19:06:27.813 fallout1-rebirth[27354:79714693] MOUSE_SIMULATE: delta=(0,0) buttons=0x0 have=1 hidden=0
2026-02-11 19:06:27.827 fallout1-rebirth[27354:79714693] MOUSE_SIMULATE: delta=(0,0) buttons=0x0 have=1 hidden=0
2026-02-11 19:06:27.846 fallout1-rebirth[27354:79714693] MOUSE_SIMULATE: delta=(0,0) buttons=0x0 have=1 hidden=0
2026-02-11 19:06:27.860 fallout1-rebirth[27354:79714693] MOUSE_SIMULATE: delta=(0,0) buttons=0x0 have=1 hidden=0
2026-02-11 19:06:27.880 fallout1-rebirth[27354:79714693] MOUSE_SIMULATE: delta=(0,0) buttons=0x0 have=1 hidden=0
2026-02-11 19:06:27.895 fallout1-rebirth[27354:79714693] MOUSE_SIMULATE: delta=(0,0) buttons=0x0 have=1 hidden=0
2026-02-11 19:06:27.915 fallout1-rebirth[27354:79714693] MOUSE_SIMULATE: delta=(0,0) buttons=0x0 have=1 hidden=0
2026-02-11 19:06:27.928 fallout1-rebirth[27354:79714693] MOUSE_SIMULATE: delta=(0,0) buttons=0x0 have=1 hidden=0
2026-02-11 19:06:27.949 fallout1-rebirth[27354:79714693] MOUSE_SIMULATE: delta=(0,0) buttons=0x0 have=1 hidden=0
2026-02-11 19:06:27.962 fallout1-rebirth[27354:79714693] MOUSE_SIMULATE: delta=(0,0) buttons=0x0 have=1 hidden=0
2026-02-11 19:06:27.983 fallout1-rebirth[27354:79714693] MOUSE_SIMULATE: delta=(0,0) buttons=0x0 have=1 hidden=0
2026-02-11 19:06:27.996 fallout1-rebirth[27354:79714693] MOUSE_SIMULATE: delta=(0,0) buttons=0x0 have=1 hidden=0
2026-02-11 19:06:28.017 fallout1-rebirth[27354:79714693] MOUSE_SIMULATE: delta=(0,0) buttons=0x0 have=1 hidden=0
2026-02-11 19:06:28.030 fallout1-rebirth[27354:79714693] MOUSE_SIMULATE: delta=(0,0) buttons=0x0 have=1 hidden=0
2026-02-11 19:06:28.051 fallout1-rebirth[27354:79714693] MOUSE_SIMULATE: delta=(0,0) buttons=0x0 have=1 hidden=0
2026-02-11 19:06:28.067 fallout1-rebirth[27354:79714693] MOUSE_SIMULATE: delta=(0,0) buttons=0x0 have=1 hidden=0
2026-02-11 19:06:28.085 fallout1-rebirth[27354:79714693] MOUSE_SIMULATE: delta=(0,0) buttons=0x0 have=1 hidden=0
2026-02-11 19:06:28.099 fallout1-rebirth[27354:79714693] MOUSE_SIMULATE: delta=(0,0) buttons=0x0 have=1 hidden=0
2026-02-11 19:06:28.119 fallout1-rebirth[27354:79714693] MOUSE_SIMULATE: delta=(0,0) buttons=0x0 have=1 hidden=0
2026-02-11 19:06:28.132 fallout1-rebirth[27354:79714693] MOUSE_SIMULATE: delta=(0,0) buttons=0x0 have=1 hidden=0
2026-02-11 19:06:28.153 fallout1-rebirth[27354:79714693] MOUSE_SIMULATE: delta=(0,0) buttons=0x0 have=1 hidden=0
2026-02-11 19:06:28.166 fallout1-rebirth[27354:79714693] MOUSE_SIMULATE: delta=(0,0) buttons=0x0 have=1 hidden=0
2026-02-11 19:06:28.187 fallout1-rebirth[27354:79714693] MOUSE_SIMULATE: delta=(0,0) buttons=0x0 have=1 hidden=0
2026-02-11 19:06:28.200 fallout1-rebirth[27354:79714693] MOUSE_SIMULATE: delta=(0,0) buttons=0x0 have=1 hidden=0
2026-02-11 19:06:28.221 fallout1-rebirth[27354:79714693] MOUSE_SIMULATE: delta=(0,0) buttons=0x0 have=1 hidden=0
2026-02-11 19:06:28.234 fallout1-rebirth[27354:79714693] MOUSE_SIMULATE: delta=(0,0) buttons=0x0 have=1 hidden=0
2026-02-11 19:06:28.255 fallout1-rebirth[27354:79714693] MOUSE_SIMULATE: delta=(0,0) buttons=0x0 have=1 hidden=0
2026-02-11 19:06:28.268 fallout1-rebirth[27354:79714693] MOUSE_SIMULATE: delta=(0,0) buttons=0x0 have=1 hidden=0
2026-02-11 19:06:28.286 fallout1-rebirth[27354:79714693] INPUT: MOUSE_MOTION x=906.0 y=373.0 rel=(-2.0,0.0)
2026-02-11 19:06:28.289 fallout1-rebirth[27354:79714693] MOUSE_SIMULATE: delta=(-3,-1) buttons=0x0 have=1 hidden=0
2026-02-11 19:06:28.289 fallout1-rebirth[27354:79714693] MOUSE_SHOW: render at raw=(1485,1020) size=(18,18) hot=(0,0)
2026-02-11 19:06:28.302 fallout1-rebirth[27354:79714693] INPUT: MOUSE_MOTION x=905.0 y=372.0 rel=(-1.0,-1.0)
2026-02-11 19:06:28.302 fallout1-rebirth[27354:79714693] INPUT: MOUSE_MOTION x=904.0 y=372.0 rel=(-1.0,0.0)
2026-02-11 19:06:28.302 fallout1-rebirth[27354:79714693] MOUSE_SIMULATE: delta=(-1,0) buttons=0x0 have=1 hidden=0
2026-02-11 19:06:28.320 fallout1-rebirth[27354:79714693] INPUT: MOUSE_MOTION x=903.0 y=371.0 rel=(-1.0,-1.0)
2026-02-11 19:06:28.323 fallout1-rebirth[27354:79714693] MOUSE_SIMULATE: delta=(-1,-1) buttons=0x0 have=1 hidden=0
2026-02-11 19:06:28.337 fallout1-rebirth[27354:79714693] MOUSE_SIMULATE: delta=(0,0) buttons=0x0 have=1 hidden=0
2026-02-11 19:06:28.353 fallout1-rebirth[27354:79714693] INPUT: MOUSE_MOTION x=903.0 y=370.0 rel=(0.0,-1.0)
2026-02-11 19:06:28.357 fallout1-rebirth[27354:79714693] MOUSE_SIMULATE: delta=(0,-1) buttons=0x0 have=1 hidden=0
2026-02-11 19:06:28.373 fallout1-rebirth[27354:79714693] MOUSE_SIMULATE: delta=(0,0) buttons=0x0 have=1 hidden=0
2026-02-11 19:06:28.391 fallout1-rebirth[27354:79714693] MOUSE_SIMULATE: delta=(0,0) buttons=0x0 have=1 hidden=0
2026-02-11 19:06:28.404 fallout1-rebirth[27354:79714693] MOUSE_SIMULATE: delta=(0,0) buttons=0x0 have=1 hidden=0
2026-02-11 19:06:28.424 fallout1-rebirth[27354:79714693] MOUSE_SIMULATE: delta=(0,0) buttons=0x0 have=1 hidden=0
2026-02-11 19:06:28.439 fallout1-rebirth[27354:79714693] MOUSE_SIMULATE: delta=(0,0) buttons=0x0 have=1 hidden=0
2026-02-11 19:06:28.459 fallout1-rebirth[27354:79714693] MOUSE_SIMULATE: delta=(0,0) buttons=0x0 have=1 hidden=0
2026-02-11 19:06:28.472 fallout1-rebirth[27354:79714693] MOUSE_SIMULATE: delta=(0,0) buttons=0x0 have=1 hidden=0
2026-02-11 19:06:28.472 fallout1-rebirth[27354:79714693] MOUSE_POS: raw=(1483,1018) hot=(0,0) result=(1483,1018)
2026-02-11 19:06:28.493 fallout1-rebirth[27354:79714693] MOUSE_SIMULATE: delta=(0,0) buttons=0x0 have=1 hidden=0
2026-02-11 19:06:28.506 fallout1-rebirth[27354:79714693] MOUSE_SIMULATE: delta=(0,0) buttons=0x0 have=1 hidden=0
2026-02-11 19:06:28.526 fallout1-rebirth[27354:79714693] MOUSE_SIMULATE: delta=(0,0) buttons=0x0 have=1 hidden=0
2026-02-11 19:06:28.541 fallout1-rebirth[27354:79714693] MOUSE_SIMULATE: delta=(0,0) buttons=0x0 have=1 hidden=0
2026-02-11 19:06:28.560 fallout1-rebirth[27354:79714693] MOUSE_SIMULATE: delta=(0,0) buttons=0x0 have=1 hidden=0
2026-02-11 19:06:28.575 fallout1-rebirth[27354:79714693] MOUSE_SIMULATE: delta=(0,0) buttons=0x0 have=1 hidden=0
2026-02-11 19:06:28.595 fallout1-rebirth[27354:79714693] MOUSE_SIMULATE: delta=(0,0) buttons=0x0 have=1 hidden=0
2026-02-11 19:06:28.609 fallout1-rebirth[27354:79714693] MOUSE_SIMULATE: delta=(0,0) buttons=0x0 have=1 hidden=0
2026-02-11 19:06:28.630 fallout1-rebirth[27354:79714693] MOUSE_SIMULATE: delta=(0,0) buttons=0x0 have=1 hidden=0
2026-02-11 19:06:28.643 fallout1-rebirth[27354:79714693] MOUSE_SIMULATE: delta=(0,0) buttons=0x0 have=1 hidden=0
2026-02-11 19:06:28.663 fallout1-rebirth[27354:79714693] MOUSE_SIMULATE: delta=(0,0) buttons=0x0 have=1 hidden=0
2026-02-11 19:06:28.680 fallout1-rebirth[27354:79714693] MOUSE_SIMULATE: delta=(0,0) buttons=0x0 have=1 hidden=0
2026-02-11 19:06:28.697 fallout1-rebirth[27354:79714693] MOUSE_SIMULATE: delta=(0,0) buttons=0x0 have=1 hidden=0
2026-02-11 19:06:28.711 fallout1-rebirth[27354:79714693] MOUSE_SIMULATE: delta=(0,0) buttons=0x0 have=1 hidden=0
2026-02-11 19:06:28.732 fallout1-rebirth[27354:79714693] MOUSE_SIMULATE: delta=(0,0) buttons=0x0 have=1 hidden=0
2026-02-11 19:06:28.745 fallout1-rebirth[27354:79714693] MOUSE_SIMULATE: delta=(0,0) buttons=0x0 have=1 hidden=0
2026-02-11 19:06:28.765 fallout1-rebirth[27354:79714693] MOUSE_SIMULATE: delta=(0,0) buttons=0x0 have=1 hidden=0
2026-02-11 19:06:28.780 fallout1-rebirth[27354:79714693] MOUSE_SIMULATE: delta=(0,0) buttons=0x0 have=1 hidden=0
2026-02-11 19:06:28.799 fallout1-rebirth[27354:79714693] MOUSE_SIMULATE: delta=(0,0) buttons=0x0 have=1 hidden=0
2026-02-11 19:06:28.814 fallout1-rebirth[27354:79714693] MOUSE_SIMULATE: delta=(0,0) buttons=0x0 have=1 hidden=0
2026-02-11 19:06:28.814 fallout1-rebirth[27354:79714693] MOUSE_POS: raw=(1483,1018) hot=(0,0) result=(1483,1018)
2026-02-11 19:06:28.834 fallout1-rebirth[27354:79714693] MOUSE_SIMULATE: delta=(0,0) buttons=0x0 have=1 hidden=0
2026-02-11 19:06:28.848 fallout1-rebirth[27354:79714693] MOUSE_SIMULATE: delta=(0,0) buttons=0x0 have=1 hidden=0
2026-02-11 19:06:28.868 fallout1-rebirth[27354:79714693] MOUSE_SIMULATE: delta=(0,0) buttons=0x0 have=1 hidden=0
2026-02-11 19:06:28.882 fallout1-rebirth[27354:79714693] MOUSE_SIMULATE: delta=(0,0) buttons=0x0 have=1 hidden=0
2026-02-11 19:06:28.901 fallout1-rebirth[27354:79714693] MOUSE_SIMULATE: delta=(0,0) buttons=0x0 have=1 hidden=0
2026-02-11 19:06:28.916 fallout1-rebirth[27354:79714693] MOUSE_SIMULATE: delta=(0,0) buttons=0x0 have=1 hidden=0
2026-02-11 19:06:28.936 fallout1-rebirth[27354:79714693] MOUSE_SIMULATE: delta=(0,0) buttons=0x0 have=1 hidden=0
2026-02-11 19:06:28.949 fallout1-rebirth[27354:79714693] MOUSE_SIMULATE: delta=(0,0) buttons=0x0 have=1 hidden=0
2026-02-11 19:06:28.970 fallout1-rebirth[27354:79714693] MOUSE_SIMULATE: delta=(0,0) buttons=0x0 have=1 hidden=0
2026-02-11 19:06:28.986 fallout1-rebirth[27354:79714693] MOUSE_SIMULATE: delta=(0,0) buttons=0x0 have=1 hidden=0
2026-02-11 19:06:29.004 fallout1-rebirth[27354:79714693] MOUSE_SIMULATE: delta=(0,0) buttons=0x0 have=1 hidden=0
2026-02-11 19:06:29.017 fallout1-rebirth[27354:79714693] MOUSE_SIMULATE: delta=(0,0) buttons=0x0 have=1 hidden=0
2026-02-11 19:06:29.038 fallout1-rebirth[27354:79714693] MOUSE_SIMULATE: delta=(0,0) buttons=0x0 have=1 hidden=0
2026-02-11 19:06:29.051 fallout1-rebirth[27354:79714693] MOUSE_SIMULATE: delta=(0,0) buttons=0x0 have=1 hidden=0
2026-02-11 19:06:29.072 fallout1-rebirth[27354:79714693] MOUSE_SIMULATE: delta=(0,0) buttons=0x0 have=1 hidden=0
2026-02-11 19:06:29.085 fallout1-rebirth[27354:79714693] MOUSE_SIMULATE: delta=(0,0) buttons=0x0 have=1 hidden=0
2026-02-11 19:06:29.106 fallout1-rebirth[27354:79714693] MOUSE_SIMULATE: delta=(0,0) buttons=0x0 have=1 hidden=0
2026-02-11 19:06:29.119 fallout1-rebirth[27354:79714693] MOUSE_SIMULATE: delta=(0,0) buttons=0x0 have=1 hidden=0
2026-02-11 19:06:29.140 fallout1-rebirth[27354:79714693] MOUSE_SIMULATE: delta=(0,0) buttons=0x0 have=1 hidden=0
2026-02-11 19:06:29.154 fallout1-rebirth[27354:79714693] MOUSE_SIMULATE: delta=(0,0) buttons=0x0 have=1 hidden=0
2026-02-11 19:06:29.154 fallout1-rebirth[27354:79714693] MOUSE_POS: raw=(1483,1018) hot=(0,0) result=(1483,1018)
2026-02-11 19:06:29.175 fallout1-rebirth[27354:79714693] MOUSE_SIMULATE: delta=(0,0) buttons=0x0 have=1 hidden=0
2026-02-11 19:06:29.189 fallout1-rebirth[27354:79714693] MOUSE_SIMULATE: delta=(0,0) buttons=0x0 have=1 hidden=0
2026-02-11 19:06:29.208 fallout1-rebirth[27354:79714693] MOUSE_SIMULATE: delta=(0,0) buttons=0x0 have=1 hidden=0
2026-02-11 19:06:29.222 fallout1-rebirth[27354:79714693] MOUSE_SIMULATE: delta=(0,0) buttons=0x0 have=1 hidden=0
2026-02-11 19:06:29.242 fallout1-rebirth[27354:79714693] MOUSE_SIMULATE: delta=(0,0) buttons=0x0 have=1 hidden=0
2026-02-11 19:06:29.256 fallout1-rebirth[27354:79714693] MOUSE_SIMULATE: delta=(0,0) buttons=0x0 have=1 hidden=0
2026-02-11 19:06:29.277 fallout1-rebirth[27354:79714693] MOUSE_SIMULATE: delta=(0,0) buttons=0x0 have=1 hidden=0
2026-02-11 19:06:29.293 fallout1-rebirth[27354:79714693] MOUSE_SIMULATE: delta=(0,0) buttons=0x0 have=1 hidden=0
2026-02-11 19:06:29.307 fallout1-rebirth[27354:79714693] INPUT: MOUSE_BUTTON_DOWN button=1 x=903.0 y=370.0
2026-02-11 19:06:29.311 fallout1-rebirth[27354:79714693] MOUSE_SIMULATE: delta=(0,0) buttons=0x1 have=1 hidden=0
2026-02-11 19:06:29.315 fallout1-rebirth[27354:79714693] MOUSE_SIMULATE: delta=(0,0) buttons=0x1 have=1 hidden=0
2026-02-11 19:06:29.333 fallout1-rebirth[27354:79714693] MOUSE_SIMULATE: delta=(0,0) buttons=0x1 have=1 hidden=0
2026-02-11 19:06:29.352 fallout1-rebirth[27354:79714693] MOUSE_SIMULATE: delta=(0,0) buttons=0x1 have=1 hidden=0
2026-02-11 19:06:29.367 fallout1-rebirth[27354:79714693] MOUSE_SIMULATE: delta=(0,0) buttons=0x1 have=1 hidden=0
2026-02-11 19:06:29.386 fallout1-rebirth[27354:79714693] MOUSE_SIMULATE: delta=(0,0) buttons=0x1 have=1 hidden=0
2026-02-11 19:06:29.399 fallout1-rebirth[27354:79714693] INPUT: MOUSE_BUTTON_UP button=1 x=903.0 y=370.0
2026-02-11 19:06:29.399 fallout1-rebirth[27354:79714693] MOUSE_SIMULATE: delta=(0,0) buttons=0x0 have=1 hidden=0
2026-02-11 19:06:30.116 fallout1-rebirth[27354:79714693] mouse_set_shape: size=8x8 hotspot=(1,1) mouse_pos=(1482,1017) click_pos=(1483,1018)
2026-02-11 19:06:30.258 fallout1-rebirth[27354:79714693] mouse_set_shape: size=8x8 hotspot=(1,1) mouse_pos=(1482,1017) click_pos=(1483,1018)
