2026-02-10 19:53:01.586 fallout1-rebirth[890:77663951] svga_init: starting with 640x480 (scale=1)
2026-02-10 19:53:01.696 fallout1-rebirth[890:77663951] svga_init: SDL video subsystem initialized
2026-02-10 19:53:01.696 fallout1-rebirth[890:77663951] svga_init: video driver=cocoa
2026-02-10 19:53:01.696 fallout1-rebirth[890:77663951] svga_init: creating window 640x480 flags=0x2001
2026-02-10 19:53:01.766 fallout1-rebirth[890:77663951] svga_init: window created - size=1512x892, pixels=3024x1784
2026-02-10 19:53:01.766 fallout1-rebirth[890:77663951] svga_init: safe area: x=0 y=0 w=1512 h=892
2026-02-10 19:53:01.766 fallout1-rebirth[890:77663951] createRenderer: creating renderer for 640x480
2026-02-10 19:53:01.775 fallout1-rebirth[890:77663951] createRenderer: renderer created
2026-02-10 19:53:01.778 fallout1-rebirth[890:77663951] Display refresh rate: 60.00 Hz
2026-02-10 19:53:01.778 fallout1-rebirth[890:77663951] Display resolution: 1512x892
2026-02-10 19:53:01.778 fallout1-rebirth[890:77663951] createRenderer: logical presentation set to 640x480
2026-02-10 19:53:01.778 fallout1-rebirth[890:77663951] createRenderer: texture created
2026-02-10 19:53:01.778 fallout1-rebirth[890:77663951] createRenderer: texture surface created - initialization complete
2026-02-10 19:53:01.778 fallout1-rebirth[890:77663951] svga_init: renderer created successfully
2026-02-10 19:53:01.781 fallout1-rebirth[890:77663951] mouse_init: click offsets loaded from config: touch=(0,0) mouse=(0,0)
2026-02-10 19:53:01.781 fallout1-rebirth[890:77663951] mouse_set_shape: size=8x8 hotspot=(1,1) mouse_pos=(-1,-1) click_pos=(0,0)
2026-02-10 19:53:07.981 fallout1-rebirth[890:77663951] MOUSE_POS: raw=(319,239) hot=(1,1) result=(320,240)
2026-02-10 19:53:07.982 fallout1-rebirth[890:77663951] mouse_set_shape: size=18x18 hotspot=(0,0) mouse_pos=(320,240) click_pos=(320,240)
2026-02-10 19:53:08.753 fallout1-rebirth[890:77663951] mouse_set_shape: size=1x1 hotspot=(0,0) mouse_pos=(320,240) click_pos=(320,240)
2026-02-10 19:53:08.758 fallout1-rebirth[890:77663951] MOUSE_SHOW: render at raw=(320,240) size=(1,1) hot=(0,0)
2026-02-10 19:53:10.133 fallout1-rebirth[890:77663951] mouse_set_shape: size=18x18 hotspot=(0,0) mouse_pos=(320,240) click_pos=(320,240)
2026-02-10 19:53:10.133 fallout1-rebirth[890:77663951] mouse_set_shape: size=8x8 hotspot=(1,1) mouse_pos=(319,239) click_pos=(320,240)
2026-02-10 19:53:10.267 fallout1-rebirth[890:77663951] mouse_set_shape: size=8x8 hotspot=(1,1) mouse_pos=(319,239) click_pos=(320,240)
