2026-02-10 17:37:43.978 fallout1-rebirth[61009:77520735] svga_init: starting with 640x480 (scale=1)
2026-02-10 17:37:44.076 fallout1-rebirth[61009:77520735] svga_init: SDL video subsystem initialized
2026-02-10 17:37:44.077 fallout1-rebirth[61009:77520735] svga_init: video driver=cocoa
2026-02-10 17:37:44.077 fallout1-rebirth[61009:77520735] svga_init: creating window 640x480 flags=0x2001
2026-02-10 17:37:44.143 fallout1-rebirth[61009:77520735] svga_init: window created - size=1512x892, pixels=3024x1784
2026-02-10 17:37:44.143 fallout1-rebirth[61009:77520735] svga_init: safe area: x=0 y=0 w=1512 h=892
2026-02-10 17:37:44.143 fallout1-rebirth[61009:77520735] createRenderer: creating renderer for 640x480
2026-02-10 17:37:44.152 fallout1-rebirth[61009:77520735] createRenderer: renderer created
2026-02-10 17:37:44.152 fallout1-rebirth[61009:77520735] Display refresh rate: 60.00 Hz
2026-02-10 17:37:44.152 fallout1-rebirth[61009:77520735] Display resolution: 1512x892
2026-02-10 17:37:44.152 fallout1-rebirth[61009:77520735] createRenderer: logical presentation set to 640x480
2026-02-10 17:37:44.153 fallout1-rebirth[61009:77520735] createRenderer: texture created
2026-02-10 17:37:44.153 fallout1-rebirth[61009:77520735] createRenderer: texture surface created - initialization complete
2026-02-10 17:37:44.153 fallout1-rebirth[61009:77520735] svga_init: renderer created successfully
2026-02-10 17:37:44.155 fallout1-rebirth[61009:77520735] mouse_init: click offsets loaded from config: touch=(0,0) mouse=(0,0)
2026-02-10 17:37:44.155 fallout1-rebirth[61009:77520735] mouse_set_shape: size=8x8 hotspot=(1,1) mouse_pos=(-1,-1) click_pos=(0,0)
2026-02-10 17:38:42.454 fallout1-rebirth[61009:77520735] MOUSE_POS: raw=(319,239) hot=(1,1) result=(320,240)
2026-02-10 17:38:42.455 fallout1-rebirth[61009:77520735] mouse_set_shape: size=18x18 hotspot=(0,0) mouse_pos=(320,240) click_pos=(320,240)
2026-02-10 17:38:43.548 fallout1-rebirth[61009:77520735] mouse_set_shape: size=1x1 hotspot=(0,0) mouse_pos=(320,240) click_pos=(320,240)
2026-02-10 17:38:43.554 fallout1-rebirth[61009:77520735] MOUSE_SHOW: render at raw=(320,240) size=(1,1) hot=(0,0)
2026-02-10 17:38:43.711 fallout1-rebirth[61009:77520735] mouse_set_shape: size=18x18 hotspot=(0,0) mouse_pos=(320,240) click_pos=(320,240)
2026-02-10 17:38:43.711 fallout1-rebirth[61009:77520735] mouse_set_shape: size=8x8 hotspot=(1,1) mouse_pos=(319,239) click_pos=(320,240)
2026-02-10 17:38:43.861 fallout1-rebirth[61009:77520735] mouse_set_shape: size=8x8 hotspot=(1,1) mouse_pos=(319,239) click_pos=(320,240)
